[2022-09-18T23:25:50+08:00][sql] SELECT `pid` FROM `sxo_goods_category` WHERE  `id` = 922 LIMIT 1 [ RunTime:0.000254s ]
[2022-09-18T23:25:50+08:00][sql] SELECT `id`,`name` FROM `sxo_goods_category` WHERE  `pid` = 0  AND `is_enable` = 1 ORDER BY `sort` ASC [ RunTime:0.000360s ]
[2022-09-18T23:25:50+08:00][sql] SHOW FULL COLUMNS FROM `sxo_screening_price` [ RunTime:0.001868s ]
[2022-09-18T23:25:50+08:00][sql] SELECT `id`,`name`,`min_price`,`max_price` FROM `sxo_screening_price` WHERE  `is_enable` = 1 ORDER BY `sort` ASC [ RunTime:0.000380s ]
[2022-09-18T23:25:50+08:00][sql] SELECT `gp`.`value` FROM `sxo_goods` `g` INNER JOIN `sxo_goods_category_join` `gci` ON `g`.`id`=`gci`.`goods_id` INNER JOIN `sxo_goods_params` `gp` ON `g`.`id`=`gp`.`goods_id` WHERE  `g`.`is_delete_time` = '0'  AND `g`.`is_shelves` = '1'  AND `gci`.`category_id` IN ('922','926','928')  AND `gp`.`type` = '2' GROUP BY `gp`.`value` [ RunTime:0.000614s ]
[2022-09-18T23:25:50+08:00][sql] SELECT `gsv`.`value` FROM `sxo_goods` `g` INNER JOIN `sxo_goods_category_join` `gci` ON `g`.`id`=`gci`.`goods_id` INNER JOIN `sxo_goods_spec_value` `gsv` ON `g`.`id`=`gsv`.`goods_id` WHERE  `g`.`is_delete_time` = '0'  AND `g`.`is_shelves` = '1'  AND `gci`.`category_id` IN ('922','926','928') GROUP BY `gsv`.`value` [ RunTime:0.000502s ]
[2022-09-18T23:25:50+08:00][sql] SELECT `id`,`pid`,`name` FROM `sxo_goods_category` WHERE  `id` = 922  AND `is_enable` = 1 LIMIT 1 [ RunTime:0.000307s ]
[2022-09-18T23:25:50+08:00][sql] SELECT `id`,`pid`,`name` FROM `sxo_goods_category` WHERE  `pid` = 0  AND `is_enable` = 1 [ RunTime:0.000354s ]
[2022-09-18T23:25:50+08:00][sql] SELECT `id`,`pid`,`name` FROM `sxo_goods_category` WHERE  `id` = 0  AND `is_enable` = 1 LIMIT 1 [ RunTime:0.000299s ]
[2022-09-18T23:25:50+08:00][sql] SHOW FULL COLUMNS FROM `sxo_search_history` [ RunTime:0.001603s ]
[2022-09-18T23:25:50+08:00][sql] INSERT INTO `sxo_search_history` SET `user_id` = 0 , `keywords` = '' , `order_by_field` = '' , `order_by_type` = '' , `search_result` = '{\"page_start\":0,\"page_size\":\"6\",\"page\":1,\"page_total\":2,\"total\":8,\"data\":[\"58\",\"65\",\"64\",\"61\",\"60\",\"62\"]}' , `ymd` = 20220918 , `add_time` = 1663514750 , `brand_ids` = '' , `category_ids` = '[\"922\"]' , `screening_price_values` = '' , `goods_params_values` = '' , `goods_spec_values` = '' [ RunTime:0.005572s ]
[2022-09-18T23:27:33+08:00][sql] CONNECT:[ UseTime:0.000835s ] mysql:host=127.0.0.1;port=3306;dbname=chungu666;charset=utf8mb4
[2022-09-18T23:27:33+08:00][sql] SHOW FULL COLUMNS FROM `sxo_goods_category` [ RunTime:0.001959s ]
[2022-09-18T23:27:33+08:00][sql] SELECT `id` FROM `sxo_goods_category` WHERE  `pid` = 922  AND `is_enable` = 1 [ RunTime:0.000353s ]
[2022-09-18T23:27:33+08:00][sql] SELECT `id` FROM `sxo_goods_category` WHERE  `pid` IN (926,928)  AND `is_enable` = 1 [ RunTime:0.000280s ]
[2022-09-18T23:27:33+08:00][sql] SHOW FULL COLUMNS FROM `sxo_goods` [ RunTime:0.002011s ]
[2022-09-18T23:27:33+08:00][sql] SELECT COUNT(DISTINCT `g`.`id`) AS think_count FROM `sxo_goods` `g` INNER JOIN `sxo_goods_category_join` `gci` ON `g`.`id`=`gci`.`goods_id` WHERE  `g`.`is_delete_time` = '0'  AND `g`.`is_shelves` = '1'  AND `gci`.`category_id` IN ('922','926','928') LIMIT 1 [ RunTime:0.000534s ]
[2022-09-18T23:27:33+08:00][sql] SELECT `g`.* FROM `sxo_goods` `g` INNER JOIN `sxo_goods_category_join` `gci` ON `g`.`id`=`gci`.`goods_id` WHERE  `g`.`is_delete_time` = '0'  AND `g`.`is_shelves` = '1'  AND `gci`.`category_id` IN ('922','926','928') GROUP BY `g`.`id` ORDER BY `g`.`access_count` DESC,`g`.`sales_count` DESC,`g`.`id` DESC LIMIT 0,6 [ RunTime:0.000660s ]
[2022-09-18T23:27:33+08:00][sql] SELECT distinct brand_id FROM `sxo_goods` WHERE  `is_shelves` = 1  AND `is_delete_time` = 0  AND `brand_id` > 0 [ RunTime:0.000347s ]
[2022-09-18T23:27:33+08:00][sql] SHOW FULL COLUMNS FROM `sxo_brand` [ RunTime:0.001395s ]
[2022-09-18T23:27:33+08:00][sql] SELECT `id`,`name`,`logo`,`website_url` FROM `sxo_brand` WHERE  `is_enable` = 1 ORDER BY `sort` ASC,`id` ASC [ RunTime:0.000278s ]
[2022-09-18T23:27:33+08:00][sql] SELECT `name`,`vice_name`,`describe`,`seo_title`,`seo_keywords`,`seo_desc` FROM `sxo_goods_category` WHERE  `is_enable` = 1  AND `id` = 922 LIMIT 1 [ RunTime:0.000233s ]
[2022-09-18T23:27:33+08:00][sql] SELECT `pid` FROM `sxo_goods_category` WHERE  `id` = 922 LIMIT 1 [ RunTime:0.000238s ]
[2022-09-18T23:27:33+08:00][sql] SELECT `id`,`name` FROM `sxo_goods_category` WHERE  `pid` = 0  AND `is_enable` = 1 ORDER BY `sort` ASC [ RunTime:0.000328s ]
[2022-09-18T23:27:33+08:00][sql] SHOW FULL COLUMNS FROM `sxo_screening_price` [ RunTime:0.001373s ]
[2022-09-18T23:27:33+08:00][sql] SELECT `id`,`name`,`min_price`,`max_price` FROM `sxo_screening_price` WHERE  `is_enable` = 1 ORDER BY `sort` ASC [ RunTime:0.000325s ]
[2022-09-18T23:27:33+08:00][sql] SELECT `gp`.`value` FROM `sxo_goods` `g` INNER JOIN `sxo_goods_category_join` `gci` ON `g`.`id`=`gci`.`goods_id` INNER JOIN `sxo_goods_params` `gp` ON `g`.`id`=`gp`.`goods_id` WHERE  `g`.`is_delete_time` = '0'  AND `g`.`is_shelves` = '1'  AND `gci`.`category_id` IN ('922','926','928')  AND `gp`.`type` = '2' GROUP BY `gp`.`value` [ RunTime:0.000425s ]
[2022-09-18T23:27:33+08:00][sql] SELECT `gsv`.`value` FROM `sxo_goods` `g` INNER JOIN `sxo_goods_category_join` `gci` ON `g`.`id`=`gci`.`goods_id` INNER JOIN `sxo_goods_spec_value` `gsv` ON `g`.`id`=`gsv`.`goods_id` WHERE  `g`.`is_delete_time` = '0'  AND `g`.`is_shelves` = '1'  AND `gci`.`category_id` IN ('922','926','928') GROUP BY `gsv`.`value` [ RunTime:0.000379s ]
[2022-09-18T23:27:33+08:00][sql] SELECT `id`,`pid`,`name` FROM `sxo_goods_category` WHERE  `id` = 922  AND `is_enable` = 1 LIMIT 1 [ RunTime:0.000226s ]
[2022-09-18T23:27:33+08:00][sql] SELECT `id`,`pid`,`name` FROM `sxo_goods_category` WHERE  `pid` = 0  AND `is_enable` = 1 [ RunTime:0.000272s ]
[2022-09-18T23:27:33+08:00][sql] SELECT `id`,`pid`,`name` FROM `sxo_goods_category` WHERE  `id` = 0  AND `is_enable` = 1 LIMIT 1 [ RunTime:0.000200s ]
[2022-09-18T23:27:33+08:00][sql] SHOW FULL COLUMNS FROM `sxo_search_history` [ RunTime:0.001203s ]
[2022-09-18T23:27:33+08:00][sql] INSERT INTO `sxo_search_history` SET `user_id` = 0 , `keywords` = '' , `order_by_field` = '' , `order_by_type` = '' , `search_result` = '{\"page_start\":0,\"page_size\":\"6\",\"page\":1,\"page_total\":2,\"total\":8,\"data\":[\"58\",\"65\",\"64\",\"61\",\"60\",\"62\"]}' , `ymd` = 20220918 , `add_time` = 1663514853 , `brand_ids` = '' , `category_ids` = '[\"922\"]' , `screening_price_values` = '' , `goods_params_values` = '' , `goods_spec_values` = '' [ RunTime:0.006942s ]
[2022-09-18T23:29:48+08:00][sql] CONNECT:[ UseTime:0.000860s ] mysql:host=127.0.0.1;port=3306;dbname=chungu666;charset=utf8mb4
[2022-09-18T23:29:48+08:00][sql] SHOW FULL COLUMNS FROM `sxo_navigation` [ RunTime:0.002479s ]
[2022-09-18T23:29:48+08:00][sql] SELECT `id`,`pid`,`name`,`url`,`value`,`data_type`,`is_new_window_open` FROM `sxo_navigation` WHERE  `nav_type` = 'header'  AND `is_show` = 1  AND `pid` = 0 ORDER BY `sort` ASC,`id` ASC [ RunTime:0.000538s ]
[2022-09-18T23:29:48+08:00][sql] SELECT `id`,`pid`,`name`,`url`,`value`,`data_type`,`is_new_window_open` FROM `sxo_navigation` WHERE  `nav_type` = 'header'  AND `is_show` = 1  AND `pid` IN (56,57,58,59,61) ORDER BY `sort` ASC,`id` ASC [ RunTime:0.000473s ]
[2022-09-18T23:29:48+08:00][sql] SELECT `id`,`pid`,`name`,`url`,`value`,`data_type`,`is_new_window_open` FROM `sxo_navigation` WHERE  `nav_type` = 'footer'  AND `is_show` = 1  AND `pid` = 0 ORDER BY `sort` ASC,`id` ASC [ RunTime:0.000466s ]
[2022-09-18T23:29:48+08:00][sql] SELECT `id`,`pid`,`name`,`url`,`value`,`data_type`,`is_new_window_open` FROM `sxo_navigation` WHERE  `nav_type` = 'footer'  AND `is_show` = 1  AND `pid` IN (34,35,36,37,55) ORDER BY `sort` ASC,`id` ASC [ RunTime:0.000545s ]
[2022-09-18T23:29:48+08:00][sql] SHOW FULL COLUMNS FROM `sxo_quick_nav` [ RunTime:0.001961s ]
[2022-09-18T23:29:48+08:00][sql] SELECT `id`,`name`,`images_url`,`event_value`,`event_type`,`bg_color` FROM `sxo_quick_nav` WHERE  `platform` = 'pc'  AND `is_enable` = 1 ORDER BY `sort` ASC,`id` ASC [ RunTime:0.000455s ]
[2022-09-18T23:29:48+08:00][sql] SHOW FULL COLUMNS FROM `sxo_goods_category` [ RunTime:0.001754s ]
[2022-09-18T23:29:48+08:00][sql] SELECT `id`,`pid`,`icon`,`name`,`vice_name`,`describe`,`bg_color`,`big_images`,`sort`,`is_home_recommended`,`seo_title`,`seo_keywords`,`seo_desc` FROM `sxo_goods_category` WHERE  `pid` = 0  AND `is_enable` = 1  AND `is_enable` = 1 ORDER BY `sort` ASC [ RunTime:0.000446s ]
[2022-09-18T23:29:48+08:00][sql] SELECT `id`,`pid`,`icon`,`name`,`vice_name`,`describe`,`bg_color`,`big_images`,`sort`,`is_home_recommended`,`seo_title`,`seo_keywords`,`seo_desc` FROM `sxo_goods_category` WHERE  `is_enable` = 1  AND `pid` = 922  AND `is_enable` = 1 ORDER BY `sort` ASC [ RunTime:0.000368s ]
[2022-09-18T23:29:48+08:00][sql] SELECT `id`,`pid`,`icon`,`name`,`vice_name`,`describe`,`bg_color`,`big_images`,`sort`,`is_home_recommended`,`seo_title`,`seo_keywords`,`seo_desc` FROM `sxo_goods_category` WHERE  `is_enable` = 1  AND `pid` IN (926,928)  AND `is_enable` = 1 ORDER BY `sort` ASC [ RunTime:0.000376s ]
[2022-09-18T23:29:48+08:00][sql] SELECT `id`,`pid`,`icon`,`name`,`vice_name`,`describe`,`bg_color`,`big_images`,`sort`,`is_home_recommended`,`seo_title`,`seo_keywords`,`seo_desc` FROM `sxo_goods_category` WHERE  `is_enable` = 1  AND `pid` = 923  AND `is_enable` = 1 ORDER BY `sort` ASC [ RunTime:0.000354s ]
[2022-09-18T23:29:48+08:00][sql] SELECT `id`,`pid`,`icon`,`name`,`vice_name`,`describe`,`bg_color`,`big_images`,`sort`,`is_home_recommended`,`seo_title`,`seo_keywords`,`seo_desc` FROM `sxo_goods_category` WHERE  `is_enable` = 1  AND `pid` IN (929,930,931)  AND `is_enable` = 1 ORDER BY `sort` ASC [ RunTime:0.000430s ]
[2022-09-18T23:29:48+08:00][sql] SELECT `id`,`pid`,`icon`,`name`,`vice_name`,`describe`,`bg_color`,`big_images`,`sort`,`is_home_recommended`,`seo_title`,`seo_keywords`,`seo_desc` FROM `sxo_goods_category` WHERE  `is_enable` = 1  AND `pid` = 924  AND `is_enable` = 1 ORDER BY `sort` ASC [ RunTime:0.000431s ]
[2022-09-18T23:29:48+08:00][sql] SELECT `id`,`pid`,`icon`,`name`,`vice_name`,`describe`,`bg_color`,`big_images`,`sort`,`is_home_recommended`,`seo_title`,`seo_keywords`,`seo_desc` FROM `sxo_goods_category` WHERE  `is_enable` = 1  AND `pid` IN (932,933)  AND `is_enable` = 1 ORDER BY `sort` ASC [ RunTime:0.000408s ]
[2022-09-18T23:29:48+08:00][sql] SELECT `id`,`pid`,`icon`,`name`,`vice_name`,`describe`,`bg_color`,`big_images`,`sort`,`is_home_recommended`,`seo_title`,`seo_keywords`,`seo_desc` FROM `sxo_goods_category` WHERE  `is_enable` = 1  AND `pid` = 925  AND `is_enable` = 1 ORDER BY `sort` ASC [ RunTime:0.000437s ]
[2022-09-18T23:29:48+08:00][sql] SELECT `id`,`pid`,`icon`,`name`,`vice_name`,`describe`,`bg_color`,`big_images`,`sort`,`is_home_recommended`,`seo_title`,`seo_keywords`,`seo_desc` FROM `sxo_goods_category` WHERE  `is_enable` = 1  AND `pid` IN (934,935)  AND `is_enable` = 1 ORDER BY `sort` ASC [ RunTime:0.000386s ]
[2022-09-18T23:29:48+08:00][sql] SELECT `id` FROM `sxo_goods_category` WHERE  `pid` = 924  AND `is_enable` = 1 [ RunTime:0.000351s ]
[2022-09-18T23:29:48+08:00][sql] SELECT `id` FROM `sxo_goods_category` WHERE  `pid` IN (932,933)  AND `is_enable` = 1 [ RunTime:0.000339s ]
[2022-09-18T23:29:48+08:00][sql] SHOW FULL COLUMNS FROM `sxo_goods` [ RunTime:0.002886s ]
[2022-09-18T23:29:48+08:00][sql] SELECT COUNT(DISTINCT `g`.`id`) AS think_count FROM `sxo_goods` `g` INNER JOIN `sxo_goods_category_join` `gci` ON `g`.`id`=`gci`.`goods_id` WHERE  `g`.`is_delete_time` = '0'  AND `g`.`is_shelves` = '1'  AND `gci`.`category_id` IN ('924','932','933') LIMIT 1 [ RunTime:0.000732s ]
[2022-09-18T23:29:48+08:00][sql] SELECT `g`.* FROM `sxo_goods` `g` INNER JOIN `sxo_goods_category_join` `gci` ON `g`.`id`=`gci`.`goods_id` WHERE  `g`.`is_delete_time` = '0'  AND `g`.`is_shelves` = '1'  AND `gci`.`category_id` IN ('924','932','933') GROUP BY `g`.`id` ORDER BY `g`.`access_count` DESC,`g`.`sales_count` DESC,`g`.`id` DESC LIMIT 0,6 [ RunTime:0.001001s ]
[2022-09-18T23:29:48+08:00][sql] SELECT distinct brand_id FROM `sxo_goods` WHERE  `is_shelves` = 1  AND `is_delete_time` = 0  AND `brand_id` > 0 [ RunTime:0.000390s ]
[2022-09-18T23:29:48+08:00][sql] SHOW FULL COLUMNS FROM `sxo_brand` [ RunTime:0.001807s ]
[2022-09-18T23:29:48+08:00][sql] SELECT `id`,`name`,`logo`,`website_url` FROM `sxo_brand` WHERE  `is_enable` = 1 ORDER BY `sort` ASC,`id` ASC [ RunTime:0.000313s ]
[2022-09-18T23:29:48+08:00][sql] SELECT `name`,`vice_name`,`describe`,`seo_title`,`seo_keywords`,`seo_desc` FROM `sxo_goods_category` WHERE  `is_enable` = 1  AND `id` = 924 LIMIT 1 [ RunTime:0.000290s ]
[2022-09-18T23:29:48+08:00][sql] SELECT `pid` FROM `sxo_goods_category` WHERE  `id` = 924 LIMIT 1 [ RunTime:0.000253s ]
[2022-09-18T23:29:48+08:00][sql] SELECT `id`,`name` FROM `sxo_goods_category` WHERE  `pid` = 0  AND `is_enable` = 1 ORDER BY `sort` ASC [ RunTime:0.000379s ]
[2022-09-18T23:29:48+08:00][sql] SHOW FULL COLUMNS FROM `sxo_screening_price` [ RunTime:0.001648s ]
[2022-09-18T23:29:48+08:00][sql] SELECT `id`,`name`,`min_price`,`max_price` FROM `sxo_screening_price` WHERE  `is_enable` = 1 ORDER BY `sort` ASC [ RunTime:0.000355s ]
[2022-09-18T23:29:48+08:00][sql] SELECT `gp`.`value` FROM `sxo_goods` `g` INNER JOIN `sxo_goods_category_join` `gci` ON `g`.`id`=`gci`.`goods_id` INNER JOIN `sxo_goods_params` `gp` ON `g`.`id`=`gp`.`goods_id` WHERE  `g`.`is_delete_time` = '0'  AND `g`.`is_shelves` = '1'  AND `gci`.`category_id` IN ('924','932','933')  AND `gp`.`type` = '2' GROUP BY `gp`.`value` [ RunTime:0.000541s ]
[2022-09-18T23:29:48+08:00][sql] SELECT `gsv`.`value` FROM `sxo_goods` `g` INNER JOIN `sxo_goods_category_join` `gci` ON `g`.`id`=`gci`.`goods_id` INNER JOIN `sxo_goods_spec_value` `gsv` ON `g`.`id`=`gsv`.`goods_id` WHERE  `g`.`is_delete_time` = '0'  AND `g`.`is_shelves` = '1'  AND `gci`.`category_id` IN ('924','932','933') GROUP BY `gsv`.`value` [ RunTime:0.000524s ]
[2022-09-18T23:29:48+08:00][sql] SELECT `id`,`pid`,`name` FROM `sxo_goods_category` WHERE  `id` = 924  AND `is_enable` = 1 LIMIT 1 [ RunTime:0.000299s ]
[2022-09-18T23:29:48+08:00][sql] SELECT `id`,`pid`,`name` FROM `sxo_goods_category` WHERE  `pid` = 0  AND `is_enable` = 1 [ RunTime:0.000371s ]
[2022-09-18T23:29:48+08:00][sql] SELECT `id`,`pid`,`name` FROM `sxo_goods_category` WHERE  `id` = 0  AND `is_enable` = 1 LIMIT 1 [ RunTime:0.000285s ]
[2022-09-18T23:29:48+08:00][sql] SHOW FULL COLUMNS FROM `sxo_search_history` [ RunTime:0.001948s ]
[2022-09-18T23:29:48+08:00][sql] INSERT INTO `sxo_search_history` SET `user_id` = 0 , `keywords` = '' , `order_by_field` = '' , `order_by_type` = '' , `search_result` = '{\"page_start\":0,\"page_size\":\"6\",\"page\":1,\"page_total\":2,\"total\":12,\"data\":[\"108\",\"117\",\"111\",\"119\",\"113\",\"109\"]}' , `ymd` = 20220918 , `add_time` = 1663514988 , `brand_ids` = '' , `category_ids` = '[\"924\"]' , `screening_price_values` = '' , `goods_params_values` = '' , `goods_spec_values` = '' [ RunTime:0.005183s ]
[2022-09-18T23:32:00+08:00][sql] CONNECT:[ UseTime:0.000728s ] mysql:host=127.0.0.1;port=3306;dbname=chungu666;charset=utf8mb4
[2022-09-18T23:32:00+08:00][sql] SHOW FULL COLUMNS FROM `sxo_goods_category` [ RunTime:0.001652s ]
[2022-09-18T23:32:00+08:00][sql] SELECT `id` FROM `sxo_goods_category` WHERE  `pid` = 924  AND `is_enable` = 1 [ RunTime:0.000299s ]
[2022-09-18T23:32:00+08:00][sql] SELECT `id` FROM `sxo_goods_category` WHERE  `pid` IN (932,933)  AND `is_enable` = 1 [ RunTime:0.000278s ]
[2022-09-18T23:32:00+08:00][sql] SHOW FULL COLUMNS FROM `sxo_goods` [ RunTime:0.001550s ]
[2022-09-18T23:32:00+08:00][sql] SELECT COUNT(DISTINCT `g`.`id`) AS think_count FROM `sxo_goods` `g` INNER JOIN `sxo_goods_category_join` `gci` ON `g`.`id`=`gci`.`goods_id` WHERE  `g`.`is_delete_time` = '0'  AND `g`.`is_shelves` = '1'  AND `gci`.`category_id` IN ('924','932','933') LIMIT 1 [ RunTime:0.000502s ]
[2022-09-18T23:32:00+08:00][sql] SELECT `g`.* FROM `sxo_goods` `g` INNER JOIN `sxo_goods_category_join` `gci` ON `g`.`id`=`gci`.`goods_id` WHERE  `g`.`is_delete_time` = '0'  AND `g`.`is_shelves` = '1'  AND `gci`.`category_id` IN ('924','932','933') GROUP BY `g`.`id` ORDER BY `g`.`access_count` DESC,`g`.`sales_count` DESC,`g`.`id` DESC LIMIT 6,6 [ RunTime:0.000685s ]
[2022-09-18T23:32:00+08:00][sql] SELECT distinct brand_id FROM `sxo_goods` WHERE  `is_shelves` = 1  AND `is_delete_time` = 0  AND `brand_id` > 0 [ RunTime:0.000292s ]
[2022-09-18T23:32:00+08:00][sql] SHOW FULL COLUMNS FROM `sxo_brand` [ RunTime:0.001108s ]
[2022-09-18T23:32:00+08:00][sql] SELECT `id`,`name`,`logo`,`website_url` FROM `sxo_brand` WHERE  `is_enable` = 1 ORDER BY `sort` ASC,`id` ASC [ RunTime:0.000278s ]
[2022-09-18T23:32:00+08:00][sql] SELECT `name`,`vice_name`,`describe`,`seo_title`,`seo_keywords`,`seo_desc` FROM `sxo_goods_category` WHERE  `is_enable` = 1  AND `id` = 924 LIMIT 1 [ RunTime:0.000278s ]
[2022-09-18T23:32:00+08:00][sql] SELECT `pid` FROM `sxo_goods_category` WHERE  `id` = 924 LIMIT 1 [ RunTime:0.000250s ]
[2022-09-18T23:32:00+08:00][sql] SELECT `id`,`name` FROM `sxo_goods_category` WHERE  `pid` = 0  AND `is_enable` = 1 ORDER BY `sort` ASC [ RunTime:0.000334s ]
[2022-09-18T23:32:00+08:00][sql] SHOW FULL COLUMNS FROM `sxo_screening_price` [ RunTime:0.001093s ]
[2022-09-18T23:32:00+08:00][sql] SELECT `id`,`name`,`min_price`,`max_price` FROM `sxo_screening_price` WHERE  `is_enable` = 1 ORDER BY `sort` ASC [ RunTime:0.000306s ]
[2022-09-18T23:32:00+08:00][sql] SELECT `gp`.`value` FROM `sxo_goods` `g` INNER JOIN `sxo_goods_category_join` `gci` ON `g`.`id`=`gci`.`goods_id` INNER JOIN `sxo_goods_params` `gp` ON `g`.`id`=`gp`.`goods_id` WHERE  `g`.`is_delete_time` = '0'  AND `g`.`is_shelves` = '1'  AND `gci`.`category_id` IN ('924','932','933')  AND `gp`.`type` = '2' GROUP BY `gp`.`value` [ RunTime:0.000440s ]
[2022-09-18T23:32:00+08:00][sql] SELECT `gsv`.`value` FROM `sxo_goods` `g` INNER JOIN `sxo_goods_category_join` `gci` ON `g`.`id`=`gci`.`goods_id` INNER JOIN `sxo_goods_spec_value` `gsv` ON `g`.`id`=`gsv`.`goods_id` WHERE  `g`.`is_delete_time` = '0'  AND `g`.`is_shelves` = '1'  AND `gci`.`category_id` IN ('924','932','933') GROUP BY `gsv`.`value` [ RunTime:0.000369s ]
[2022-09-18T23:32:00+08:00][sql] SELECT `id`,`pid`,`name` FROM `sxo_goods_category` WHERE  `id` = 924  AND `is_enable` = 1 LIMIT 1 [ RunTime:0.000251s ]
[2022-09-18T23:32:00+08:00][sql] SELECT `id`,`pid`,`name` FROM `sxo_goods_category` WHERE  `pid` = 0  AND `is_enable` = 1 [ RunTime:0.000284s ]
[2022-09-18T23:32:00+08:00][sql] SELECT `id`,`pid`,`name` FROM `sxo_goods_category` WHERE  `id` = 0  AND `is_enable` = 1 LIMIT 1 [ RunTime:0.000241s ]
[2022-09-18T23:32:00+08:00][sql] SHOW FULL COLUMNS FROM `sxo_search_history` [ RunTime:0.001148s ]
[2022-09-18T23:32:00+08:00][sql] INSERT INTO `sxo_search_history` SET `user_id` = 0 , `keywords` = '' , `order_by_field` = '' , `order_by_type` = '' , `search_result` = '{\"page_start\":6,\"page_size\":\"6\",\"page\":2,\"page_total\":2,\"total\":12,\"data\":[\"121\",\"118\",\"114\",\"112\",\"122\",\"120\"]}' , `ymd` = 20220918 , `add_time` = 1663515120 , `brand_ids` = '' , `category_ids` = '[\"924\"]' , `screening_price_values` = '' , `goods_params_values` = '' , `goods_spec_values` = '' [ RunTime:0.004816s ]
[2022-09-18T23:33:57+08:00][sql] CONNECT:[ UseTime:0.000832s ] mysql:host=127.0.0.1;port=3306;dbname=chungu666;charset=utf8mb4
[2022-09-18T23:33:57+08:00][sql] SHOW FULL COLUMNS FROM `sxo_navigation` [ RunTime:0.001639s ]
[2022-09-18T23:33:57+08:00][sql] SELECT `id`,`pid`,`name`,`url`,`value`,`data_type`,`is_new_window_open` FROM `sxo_navigation` WHERE  `nav_type` = 'header'  AND `is_show` = 1  AND `pid` = 0 ORDER BY `sort` ASC,`id` ASC [ RunTime:0.000476s ]
[2022-09-18T23:33:57+08:00][sql] SELECT `id`,`pid`,`name`,`url`,`value`,`data_type`,`is_new_window_open` FROM `sxo_navigation` WHERE  `nav_type` = 'header'  AND `is_show` = 1  AND `pid` IN (56,57,58,59,61) ORDER BY `sort` ASC,`id` ASC [ RunTime:0.000413s ]
[2022-09-18T23:33:57+08:00][sql] SELECT `id`,`pid`,`name`,`url`,`value`,`data_type`,`is_new_window_open` FROM `sxo_navigation` WHERE  `nav_type` = 'footer'  AND `is_show` = 1  AND `pid` = 0 ORDER BY `sort` ASC,`id` ASC [ RunTime:0.000418s ]
[2022-09-18T23:33:57+08:00][sql] SELECT `id`,`pid`,`name`,`url`,`value`,`data_type`,`is_new_window_open` FROM `sxo_navigation` WHERE  `nav_type` = 'footer'  AND `is_show` = 1  AND `pid` IN (34,35,36,37,55) ORDER BY `sort` ASC,`id` ASC [ RunTime:0.000450s ]
[2022-09-18T23:33:57+08:00][sql] SHOW FULL COLUMNS FROM `sxo_quick_nav` [ RunTime:0.001161s ]
[2022-09-18T23:33:57+08:00][sql] SELECT `id`,`name`,`images_url`,`event_value`,`event_type`,`bg_color` FROM `sxo_quick_nav` WHERE  `platform` = 'pc'  AND `is_enable` = 1 ORDER BY `sort` ASC,`id` ASC [ RunTime:0.000358s ]
[2022-09-18T23:33:57+08:00][sql] SHOW FULL COLUMNS FROM `sxo_goods_category` [ RunTime:0.001312s ]
[2022-09-18T23:33:57+08:00][sql] SELECT `id`,`pid`,`icon`,`name`,`vice_name`,`describe`,`bg_color`,`big_images`,`sort`,`is_home_recommended`,`seo_title`,`seo_keywords`,`seo_desc` FROM `sxo_goods_category` WHERE  `pid` = 0  AND `is_enable` = 1  AND `is_enable` = 1 ORDER BY `sort` ASC [ RunTime:0.000358s ]
[2022-09-18T23:33:57+08:00][sql] SELECT `id`,`pid`,`icon`,`name`,`vice_name`,`describe`,`bg_color`,`big_images`,`sort`,`is_home_recommended`,`seo_title`,`seo_keywords`,`seo_desc` FROM `sxo_goods_category` WHERE  `is_enable` = 1  AND `pid` = 922  AND `is_enable` = 1 ORDER BY `sort` ASC [ RunTime:0.000342s ]
[2022-09-18T23:33:57+08:00][sql] SELECT `id`,`pid`,`icon`,`name`,`vice_name`,`describe`,`bg_color`,`big_images`,`sort`,`is_home_recommended`,`seo_title`,`seo_keywords`,`seo_desc` FROM `sxo_goods_category` WHERE  `is_enable` = 1  AND `pid` IN (926,928)  AND `is_enable` = 1 ORDER BY `sort` ASC [ RunTime:0.000328s ]
[2022-09-18T23:33:57+08:00][sql] SELECT `id`,`pid`,`icon`,`name`,`vice_name`,`describe`,`bg_color`,`big_images`,`sort`,`is_home_recommended`,`seo_title`,`seo_keywords`,`seo_desc` FROM `sxo_goods_category` WHERE  `is_enable` = 1  AND `pid` = 923  AND `is_enable` = 1 ORDER BY `sort` ASC [ RunTime:0.000308s ]
[2022-09-18T23:33:57+08:00][sql] SELECT `id`,`pid`,`icon`,`name`,`vice_name`,`describe`,`bg_color`,`big_images`,`sort`,`is_home_recommended`,`seo_title`,`seo_keywords`,`seo_desc` FROM `sxo_goods_category` WHERE  `is_enable` = 1  AND `pid` IN (929,930,931)  AND `is_enable` = 1 ORDER BY `sort` ASC [ RunTime:0.000365s ]
[2022-09-18T23:33:57+08:00][sql] SELECT `id`,`pid`,`icon`,`name`,`vice_name`,`describe`,`bg_color`,`big_images`,`sort`,`is_home_recommended`,`seo_title`,`seo_keywords`,`seo_desc` FROM `sxo_goods_category` WHERE  `is_enable` = 1  AND `pid` = 924  AND `is_enable` = 1 ORDER BY `sort` ASC [ RunTime:0.000346s ]
[2022-09-18T23:33:57+08:00][sql] SELECT `id`,`pid`,`icon`,`name`,`vice_name`,`describe`,`bg_color`,`big_images`,`sort`,`is_home_recommended`,`seo_title`,`seo_keywords`,`seo_desc` FROM `sxo_goods_category` WHERE  `is_enable` = 1  AND `pid` IN (932,933)  AND `is_enable` = 1 ORDER BY `sort` ASC [ RunTime:0.000403s ]
[2022-09-18T23:33:57+08:00][sql] SELECT `id`,`pid`,`icon`,`name`,`vice_name`,`describe`,`bg_color`,`big_images`,`sort`,`is_home_recommended`,`seo_title`,`seo_keywords`,`seo_desc` FROM `sxo_goods_category` WHERE  `is_enable` = 1  AND `pid` = 925  AND `is_enable` = 1 ORDER BY `sort` ASC [ RunTime:0.000314s ]
[2022-09-18T23:33:57+08:00][sql] SELECT `id`,`pid`,`icon`,`name`,`vice_name`,`describe`,`bg_color`,`big_images`,`sort`,`is_home_recommended`,`seo_title`,`seo_keywords`,`seo_desc` FROM `sxo_goods_category` WHERE  `is_enable` = 1  AND `pid` IN (934,935)  AND `is_enable` = 1 ORDER BY `sort` ASC [ RunTime:0.000342s ]
[2022-09-18T23:33:57+08:00][sql] SELECT `id` FROM `sxo_goods_category` WHERE  `pid` = 925  AND `is_enable` = 1 [ RunTime:0.000260s ]
[2022-09-18T23:33:57+08:00][sql] SELECT `id` FROM `sxo_goods_category` WHERE  `pid` IN (934,935)  AND `is_enable` = 1 [ RunTime:0.000282s ]
[2022-09-18T23:33:57+08:00][sql] SHOW FULL COLUMNS FROM `sxo_goods` [ RunTime:0.001773s ]
[2022-09-18T23:33:57+08:00][sql] SELECT COUNT(DISTINCT `g`.`id`) AS think_count FROM `sxo_goods` `g` INNER JOIN `sxo_goods_category_join` `gci` ON `g`.`id`=`gci`.`goods_id` WHERE  `g`.`is_delete_time` = '0'  AND `g`.`is_shelves` = '1'  AND `gci`.`category_id` IN ('925','934','935') LIMIT 1 [ RunTime:0.000515s ]
[2022-09-18T23:33:57+08:00][sql] SELECT `g`.* FROM `sxo_goods` `g` INNER JOIN `sxo_goods_category_join` `gci` ON `g`.`id`=`gci`.`goods_id` WHERE  `g`.`is_delete_time` = '0'  AND `g`.`is_shelves` = '1'  AND `gci`.`category_id` IN ('925','934','935') GROUP BY `g`.`id` ORDER BY `g`.`access_count` DESC,`g`.`sales_count` DESC,`g`.`id` DESC LIMIT 0,6 [ RunTime:0.000668s ]
[2022-09-18T23:33:57+08:00][sql] SELECT distinct brand_id FROM `sxo_goods` WHERE  `is_shelves` = 1  AND `is_delete_time` = 0  AND `brand_id` > 0 [ RunTime:0.000300s ]
[2022-09-18T23:33:57+08:00][sql] SHOW FULL COLUMNS FROM `sxo_brand` [ RunTime:0.001172s ]
[2022-09-18T23:33:57+08:00][sql] SELECT `id`,`name`,`logo`,`website_url` FROM `sxo_brand` WHERE  `is_enable` = 1 ORDER BY `sort` ASC,`id` ASC [ RunTime:0.000284s ]
[2022-09-18T23:33:57+08:00][sql] SELECT `name`,`vice_name`,`describe`,`seo_title`,`seo_keywords`,`seo_desc` FROM `sxo_goods_category` WHERE  `is_enable` = 1  AND `id` = 925 LIMIT 1 [ RunTime:0.000246s ]
[2022-09-18T23:33:57+08:00][sql] SELECT `pid` FROM `sxo_goods_category` WHERE  `id` = 925 LIMIT 1 [ RunTime:0.000248s ]
[2022-09-18T23:33:57+08:00][sql] SELECT `id`,`name` FROM `sxo_goods_category` WHERE  `pid` = 0  AND `is_enable` = 1 ORDER BY `sort` ASC [ RunTime:0.000267s ]
[2022-09-18T23:33:57+08:00][sql] SHOW FULL COLUMNS FROM `sxo_screening_price` [ RunTime:0.001163s ]
[2022-09-18T23:33:57+08:00][sql] SELECT `id`,`name`,`min_price`,`max_price` FROM `sxo_screening_price` WHERE  `is_enable` = 1 ORDER BY `sort` ASC [ RunTime:0.000307s ]
[2022-09-18T23:33:57+08:00][sql] SELECT `gp`.`value` FROM `sxo_goods` `g` INNER JOIN `sxo_goods_category_join` `gci` ON `g`.`id`=`gci`.`goods_id` INNER JOIN `sxo_goods_params` `gp` ON `g`.`id`=`gp`.`goods_id` WHERE  `g`.`is_delete_time` = '0'  AND `g`.`is_shelves` = '1'  AND `gci`.`category_id` IN ('925','934','935')  AND `gp`.`type` = '2' GROUP BY `gp`.`value` [ RunTime:0.000400s ]
[2022-09-18T23:33:57+08:00][sql] SELECT `gsv`.`value` FROM `sxo_goods` `g` INNER JOIN `sxo_goods_category_join` `gci` ON `g`.`id`=`gci`.`goods_id` INNER JOIN `sxo_goods_spec_value` `gsv` ON `g`.`id`=`gsv`.`goods_id` WHERE  `g`.`is_delete_time` = '0'  AND `g`.`is_shelves` = '1'  AND `gci`.`category_id` IN ('925','934','935') GROUP BY `gsv`.`value` [ RunTime:0.000380s ]
[2022-09-18T23:33:57+08:00][sql] SELECT `id`,`pid`,`name` FROM `sxo_goods_category` WHERE  `id` = 925  AND `is_enable` = 1 LIMIT 1 [ RunTime:0.000262s ]
[2022-09-18T23:33:57+08:00][sql] SELECT `id`,`pid`,`name` FROM `sxo_goods_category` WHERE  `pid` = 0  AND `is_enable` = 1 [ RunTime:0.000290s ]
[2022-09-18T23:33:57+08:00][sql] SELECT `id`,`pid`,`name` FROM `sxo_goods_category` WHERE  `id` = 0  AND `is_enable` = 1 LIMIT 1 [ RunTime:0.000237s ]
[2022-09-18T23:33:57+08:00][sql] SHOW FULL COLUMNS FROM `sxo_search_history` [ RunTime:0.001221s ]
[2022-09-18T23:33:57+08:00][sql] INSERT INTO `sxo_search_history` SET `user_id` = 0 , `keywords` = '' , `order_by_field` = '' , `order_by_type` = '' , `search_result` = '{\"page_start\":0,\"page_size\":\"6\",\"page\":1,\"page_total\":1,\"total\":6,\"data\":[\"123\",\"128\",\"126\",\"125\",\"124\",\"127\"]}' , `ymd` = 20220918 , `add_time` = 1663515237 , `brand_ids` = '' , `category_ids` = '[\"925\"]' , `screening_price_values` = '' , `goods_params_values` = '' , `goods_spec_values` = '' [ RunTime:0.006007s ]
[2022-09-18T23:36:41+08:00][sql] CONNECT:[ UseTime:0.000915s ] mysql:host=127.0.0.1;port=3306;dbname=chungu666;charset=utf8mb4
[2022-09-18T23:36:41+08:00][sql] SHOW FULL COLUMNS FROM `sxo_goods_category` [ RunTime:0.002669s ]
[2022-09-18T23:36:41+08:00][sql] SELECT `id` FROM `sxo_goods_category` WHERE  `pid` = 925  AND `is_enable` = 1 [ RunTime:0.000391s ]
[2022-09-18T23:36:41+08:00][sql] SELECT `id` FROM `sxo_goods_category` WHERE  `pid` IN (934,935)  AND `is_enable` = 1 [ RunTime:0.000321s ]
[2022-09-18T23:36:41+08:00][sql] SHOW FULL COLUMNS FROM `sxo_goods` [ RunTime:0.002722s ]
[2022-09-18T23:36:41+08:00][sql] SELECT COUNT(DISTINCT `g`.`id`) AS think_count FROM `sxo_goods` `g` INNER JOIN `sxo_goods_category_join` `gci` ON `g`.`id`=`gci`.`goods_id` WHERE  `g`.`is_delete_time` = '0'  AND `g`.`is_shelves` = '1'  AND `gci`.`category_id` IN ('925','934','935') LIMIT 1 [ RunTime:0.000588s ]
[2022-09-18T23:36:41+08:00][sql] SELECT `g`.* FROM `sxo_goods` `g` INNER JOIN `sxo_goods_category_join` `gci` ON `g`.`id`=`gci`.`goods_id` WHERE  `g`.`is_delete_time` = '0'  AND `g`.`is_shelves` = '1'  AND `gci`.`category_id` IN ('925','934','935') GROUP BY `g`.`id` ORDER BY `g`.`access_count` DESC,`g`.`sales_count` DESC,`g`.`id` DESC LIMIT 0,6 [ RunTime:0.000825s ]
[2022-09-18T23:36:41+08:00][sql] SELECT distinct brand_id FROM `sxo_goods` WHERE  `is_shelves` = 1  AND `is_delete_time` = 0  AND `brand_id` > 0 [ RunTime:0.000358s ]
[2022-09-18T23:36:41+08:00][sql] SHOW FULL COLUMNS FROM `sxo_brand` [ RunTime:0.001143s ]
[2022-09-18T23:36:41+08:00][sql] SELECT `id`,`name`,`logo`,`website_url` FROM `sxo_brand` WHERE  `is_enable` = 1 ORDER BY `sort` ASC,`id` ASC [ RunTime:0.000297s ]
[2022-09-18T23:36:41+08:00][sql] SELECT `name`,`vice_name`,`describe`,`seo_title`,`seo_keywords`,`seo_desc` FROM `sxo_goods_category` WHERE  `is_enable` = 1  AND `id` = 925 LIMIT 1 [ RunTime:0.000325s ]
[2022-09-18T23:36:41+08:00][sql] SELECT `pid` FROM `sxo_goods_category` WHERE  `id` = 925 LIMIT 1 [ RunTime:0.000246s ]
[2022-09-18T23:36:41+08:00][sql] SELECT `id`,`name` FROM `sxo_goods_category` WHERE  `pid` = 0  AND `is_enable` = 1 ORDER BY `sort` ASC [ RunTime:0.000286s ]
[2022-09-18T23:36:41+08:00][sql] SHOW FULL COLUMNS FROM `sxo_screening_price` [ RunTime:0.001135s ]
[2022-09-18T23:36:41+08:00][sql] SELECT `id`,`name`,`min_price`,`max_price` FROM `sxo_screening_price` WHERE  `is_enable` = 1 ORDER BY `sort` ASC [ RunTime:0.000312s ]
[2022-09-18T23:36:41+08:00][sql] SELECT `gp`.`value` FROM `sxo_goods` `g` INNER JOIN `sxo_goods_category_join` `gci` ON `g`.`id`=`gci`.`goods_id` INNER JOIN `sxo_goods_params` `gp` ON `g`.`id`=`gp`.`goods_id` WHERE  `g`.`is_delete_time` = '0'  AND `g`.`is_shelves` = '1'  AND `gci`.`category_id` IN ('925','934','935')  AND `gp`.`type` = '2' GROUP BY `gp`.`value` [ RunTime:0.000467s ]
[2022-09-18T23:36:41+08:00][sql] SELECT `gsv`.`value` FROM `sxo_goods` `g` INNER JOIN `sxo_goods_category_join` `gci` ON `g`.`id`=`gci`.`goods_id` INNER JOIN `sxo_goods_spec_value` `gsv` ON `g`.`id`=`gsv`.`goods_id` WHERE  `g`.`is_delete_time` = '0'  AND `g`.`is_shelves` = '1'  AND `gci`.`category_id` IN ('925','934','935') GROUP BY `gsv`.`value` [ RunTime:0.000402s ]
[2022-09-18T23:36:41+08:00][sql] SELECT `id`,`pid`,`name` FROM `sxo_goods_category` WHERE  `id` = 925  AND `is_enable` = 1 LIMIT 1 [ RunTime:0.000273s ]
[2022-09-18T23:36:41+08:00][sql] SELECT `id`,`pid`,`name` FROM `sxo_goods_category` WHERE  `pid` = 0  AND `is_enable` = 1 [ RunTime:0.000265s ]
[2022-09-18T23:36:41+08:00][sql] SELECT `id`,`pid`,`name` FROM `sxo_goods_category` WHERE  `id` = 0  AND `is_enable` = 1 LIMIT 1 [ RunTime:0.000226s ]
[2022-09-18T23:36:41+08:00][sql] SHOW FULL COLUMNS FROM `sxo_search_history` [ RunTime:0.001333s ]
[2022-09-18T23:36:41+08:00][sql] INSERT INTO `sxo_search_history` SET `user_id` = 0 , `keywords` = '' , `order_by_field` = '' , `order_by_type` = '' , `search_result` = '{\"page_start\":0,\"page_size\":\"6\",\"page\":1,\"page_total\":1,\"total\":6,\"data\":[\"123\",\"128\",\"126\",\"125\",\"124\",\"127\"]}' , `ymd` = 20220918 , `add_time` = 1663515401 , `brand_ids` = '' , `category_ids` = '[\"925\"]' , `screening_price_values` = '' , `goods_params_values` = '' , `goods_spec_values` = '' [ RunTime:0.004701s ]
[2022-09-18T23:38:57+08:00][sql] CONNECT:[ UseTime:0.000755s ] mysql:host=127.0.0.1;port=3306;dbname=chungu666;charset=utf8mb4
[2022-09-18T23:38:57+08:00][sql] SHOW FULL COLUMNS FROM `sxo_navigation` [ RunTime:0.001685s ]
[2022-09-18T23:38:57+08:00][sql] SELECT `id`,`pid`,`name`,`url`,`value`,`data_type`,`is_new_window_open` FROM `sxo_navigation` WHERE  `nav_type` = 'header'  AND `is_show` = 1  AND `pid` = 0 ORDER BY `sort` ASC,`id` ASC [ RunTime:0.000525s ]
[2022-09-18T23:38:57+08:00][sql] SELECT `id`,`pid`,`name`,`url`,`value`,`data_type`,`is_new_window_open` FROM `sxo_navigation` WHERE  `nav_type` = 'header'  AND `is_show` = 1  AND `pid` IN (56,57,58,59,61) ORDER BY `sort` ASC,`id` ASC [ RunTime:0.000380s ]
[2022-09-18T23:38:57+08:00][sql] SELECT `id`,`pid`,`name`,`url`,`value`,`data_type`,`is_new_window_open` FROM `sxo_navigation` WHERE  `nav_type` = 'footer'  AND `is_show` = 1  AND `pid` = 0 ORDER BY `sort` ASC,`id` ASC [ RunTime:0.000337s ]
[2022-09-18T23:38:57+08:00][sql] SELECT `id`,`pid`,`name`,`url`,`value`,`data_type`,`is_new_window_open` FROM `sxo_navigation` WHERE  `nav_type` = 'footer'  AND `is_show` = 1  AND `pid` IN (34,35,36,37,55) ORDER BY `sort` ASC,`id` ASC [ RunTime:0.000414s ]
[2022-09-18T23:38:57+08:00][sql] SHOW FULL COLUMNS FROM `sxo_quick_nav` [ RunTime:0.001235s ]
[2022-09-18T23:38:57+08:00][sql] SELECT `id`,`name`,`images_url`,`event_value`,`event_type`,`bg_color` FROM `sxo_quick_nav` WHERE  `platform` = 'pc'  AND `is_enable` = 1 ORDER BY `sort` ASC,`id` ASC [ RunTime:0.000424s ]
[2022-09-18T23:38:57+08:00][sql] SHOW FULL COLUMNS FROM `sxo_goods_category` [ RunTime:0.001212s ]
[2022-09-18T23:38:57+08:00][sql] SELECT `id`,`pid`,`icon`,`name`,`vice_name`,`describe`,`bg_color`,`big_images`,`sort`,`is_home_recommended`,`seo_title`,`seo_keywords`,`seo_desc` FROM `sxo_goods_category` WHERE  `pid` = 0  AND `is_enable` = 1  AND `is_enable` = 1 ORDER BY `sort` ASC [ RunTime:0.000371s ]
[2022-09-18T23:38:57+08:00][sql] SELECT `id`,`pid`,`icon`,`name`,`vice_name`,`describe`,`bg_color`,`big_images`,`sort`,`is_home_recommended`,`seo_title`,`seo_keywords`,`seo_desc` FROM `sxo_goods_category` WHERE  `is_enable` = 1  AND `pid` = 922  AND `is_enable` = 1 ORDER BY `sort` ASC [ RunTime:0.000347s ]
[2022-09-18T23:38:57+08:00][sql] SELECT `id`,`pid`,`icon`,`name`,`vice_name`,`describe`,`bg_color`,`big_images`,`sort`,`is_home_recommended`,`seo_title`,`seo_keywords`,`seo_desc` FROM `sxo_goods_category` WHERE  `is_enable` = 1  AND `pid` IN (926,928)  AND `is_enable` = 1 ORDER BY `sort` ASC [ RunTime:0.000319s ]
[2022-09-18T23:38:57+08:00][sql] SELECT `id`,`pid`,`icon`,`name`,`vice_name`,`describe`,`bg_color`,`big_images`,`sort`,`is_home_recommended`,`seo_title`,`seo_keywords`,`seo_desc` FROM `sxo_goods_category` WHERE  `is_enable` = 1  AND `pid` = 923  AND `is_enable` = 1 ORDER BY `sort` ASC [ RunTime:0.000343s ]
[2022-09-18T23:38:57+08:00][sql] SELECT `id`,`pid`,`icon`,`name`,`vice_name`,`describe`,`bg_color`,`big_images`,`sort`,`is_home_recommended`,`seo_title`,`seo_keywords`,`seo_desc` FROM `sxo_goods_category` WHERE  `is_enable` = 1  AND `pid` IN (929,930,931)  AND `is_enable` = 1 ORDER BY `sort` ASC [ RunTime:0.000432s ]
[2022-09-18T23:38:57+08:00][sql] SELECT `id`,`pid`,`icon`,`name`,`vice_name`,`describe`,`bg_color`,`big_images`,`sort`,`is_home_recommended`,`seo_title`,`seo_keywords`,`seo_desc` FROM `sxo_goods_category` WHERE  `is_enable` = 1  AND `pid` = 924  AND `is_enable` = 1 ORDER BY `sort` ASC [ RunTime:0.000321s ]
[2022-09-18T23:38:57+08:00][sql] SELECT `id`,`pid`,`icon`,`name`,`vice_name`,`describe`,`bg_color`,`big_images`,`sort`,`is_home_recommended`,`seo_title`,`seo_keywords`,`seo_desc` FROM `sxo_goods_category` WHERE  `is_enable` = 1  AND `pid` IN (932,933)  AND `is_enable` = 1 ORDER BY `sort` ASC [ RunTime:0.000346s ]
[2022-09-18T23:38:57+08:00][sql] SELECT `id`,`pid`,`icon`,`name`,`vice_name`,`describe`,`bg_color`,`big_images`,`sort`,`is_home_recommended`,`seo_title`,`seo_keywords`,`seo_desc` FROM `sxo_goods_category` WHERE  `is_enable` = 1  AND `pid` = 925  AND `is_enable` = 1 ORDER BY `sort` ASC [ RunTime:0.000313s ]
[2022-09-18T23:38:57+08:00][sql] SELECT `id`,`pid`,`icon`,`name`,`vice_name`,`describe`,`bg_color`,`big_images`,`sort`,`is_home_recommended`,`seo_title`,`seo_keywords`,`seo_desc` FROM `sxo_goods_category` WHERE  `is_enable` = 1  AND `pid` IN (934,935)  AND `is_enable` = 1 ORDER BY `sort` ASC [ RunTime:0.000340s ]
[2022-09-18T23:38:57+08:00][sql] SELECT `id` FROM `sxo_goods_category` WHERE  `pid` = 929  AND `is_enable` = 1 [ RunTime:0.000268s ]
[2022-09-18T23:38:57+08:00][sql] SHOW FULL COLUMNS FROM `sxo_goods` [ RunTime:0.001884s ]
[2022-09-18T23:38:57+08:00][sql] SELECT COUNT(DISTINCT `g`.`id`) AS think_count FROM `sxo_goods` `g` INNER JOIN `sxo_goods_category_join` `gci` ON `g`.`id`=`gci`.`goods_id` WHERE  `g`.`is_delete_time` = '0'  AND `g`.`is_shelves` = '1'  AND `gci`.`category_id` = '929' LIMIT 1 [ RunTime:0.000403s ]
[2022-09-18T23:38:57+08:00][sql] SELECT distinct brand_id FROM `sxo_goods` WHERE  `is_shelves` = 1  AND `is_delete_time` = 0  AND `brand_id` > 0 [ RunTime:0.000291s ]
[2022-09-18T23:38:57+08:00][sql] SHOW FULL COLUMNS FROM `sxo_brand` [ RunTime:0.001217s ]
[2022-09-18T23:38:57+08:00][sql] SELECT `id`,`name`,`logo`,`website_url` FROM `sxo_brand` WHERE  `is_enable` = 1 ORDER BY `sort` ASC,`id` ASC [ RunTime:0.000342s ]
[2022-09-18T23:38:57+08:00][sql] SELECT `name`,`vice_name`,`describe`,`seo_title`,`seo_keywords`,`seo_desc` FROM `sxo_goods_category` WHERE  `is_enable` = 1  AND `id` = 929 LIMIT 1 [ RunTime:0.000232s ]
[2022-09-18T23:38:57+08:00][sql] SELECT `pid` FROM `sxo_goods_category` WHERE  `id` = 929 LIMIT 1 [ RunTime:0.000243s ]
[2022-09-18T23:38:57+08:00][sql] SELECT `id`,`name` FROM `sxo_goods_category` WHERE  `pid` = 923  AND `is_enable` = 1 ORDER BY `sort` ASC [ RunTime:0.000281s ]
[2022-09-18T23:38:57+08:00][sql] SHOW FULL COLUMNS FROM `sxo_screening_price` [ RunTime:0.001159s ]
[2022-09-18T23:38:57+08:00][sql] SELECT `id`,`name`,`min_price`,`max_price` FROM `sxo_screening_price` WHERE  `is_enable` = 1 ORDER BY `sort` ASC [ RunTime:0.000392s ]
[2022-09-18T23:38:57+08:00][sql] SELECT `gp`.`value` FROM `sxo_goods` `g` INNER JOIN `sxo_goods_category_join` `gci` ON `g`.`id`=`gci`.`goods_id` INNER JOIN `sxo_goods_params` `gp` ON `g`.`id`=`gp`.`goods_id` WHERE  `g`.`is_delete_time` = '0'  AND `g`.`is_shelves` = '1'  AND `gci`.`category_id` = '929'  AND `gp`.`type` = '2' GROUP BY `gp`.`value` [ RunTime:0.000508s ]
[2022-09-18T23:38:57+08:00][sql] SELECT `gsv`.`value` FROM `sxo_goods` `g` INNER JOIN `sxo_goods_category_join` `gci` ON `g`.`id`=`gci`.`goods_id` INNER JOIN `sxo_goods_spec_value` `gsv` ON `g`.`id`=`gsv`.`goods_id` WHERE  `g`.`is_delete_time` = '0'  AND `g`.`is_shelves` = '1'  AND `gci`.`category_id` = '929' GROUP BY `gsv`.`value` [ RunTime:0.000428s ]
[2022-09-18T23:38:57+08:00][sql] SELECT `id`,`pid`,`name` FROM `sxo_goods_category` WHERE  `id` = 929  AND `is_enable` = 1 LIMIT 1 [ RunTime:0.000257s ]
[2022-09-18T23:38:57+08:00][sql] SELECT `id`,`pid`,`name` FROM `sxo_goods_category` WHERE  `pid` = 923  AND `is_enable` = 1 [ RunTime:0.000280s ]
[2022-09-18T23:38:57+08:00][sql] SELECT `id`,`pid`,`name` FROM `sxo_goods_category` WHERE  `id` = 923  AND `is_enable` = 1 LIMIT 1 [ RunTime:0.000254s ]
[2022-09-18T23:38:57+08:00][sql] SELECT `id`,`pid`,`name` FROM `sxo_goods_category` WHERE  `pid` = 0  AND `is_enable` = 1 [ RunTime:0.000261s ]
[2022-09-18T23:38:57+08:00][sql] SELECT `id`,`pid`,`name` FROM `sxo_goods_category` WHERE  `id` = 0  AND `is_enable` = 1 LIMIT 1 [ RunTime:0.000212s ]
[2022-09-18T23:38:57+08:00][sql] SHOW FULL COLUMNS FROM `sxo_search_history` [ RunTime:0.001250s ]
[2022-09-18T23:38:57+08:00][sql] INSERT INTO `sxo_search_history` SET `user_id` = 0 , `keywords` = '' , `order_by_field` = 'access' , `order_by_type` = 'desc' , `search_result` = '{\"page_start\":0,\"page_size\":\"6\",\"page\":1,\"page_total\":0,\"total\":0,\"data\":[]}' , `ymd` = 20220918 , `add_time` = 1663515537 , `brand_ids` = '' , `category_ids` = '[\"929\"]' , `screening_price_values` = '' , `goods_params_values` = '' , `goods_spec_values` = '' [ RunTime:0.005890s ]
[2022-09-18T23:41:20+08:00][sql] CONNECT:[ UseTime:0.000809s ] mysql:host=127.0.0.1;port=3306;dbname=chungu666;charset=utf8mb4
[2022-09-18T23:41:20+08:00][sql] SHOW FULL COLUMNS FROM `sxo_goods_category` [ RunTime:0.002085s ]
[2022-09-18T23:41:20+08:00][sql] SELECT `id` FROM `sxo_goods_category` WHERE  `pid` = 923  AND `is_enable` = 1 [ RunTime:0.000393s ]
[2022-09-18T23:41:20+08:00][sql] SELECT `id` FROM `sxo_goods_category` WHERE  `pid` IN (929,930,931)  AND `is_enable` = 1 [ RunTime:0.000359s ]
[2022-09-18T23:41:20+08:00][sql] SHOW FULL COLUMNS FROM `sxo_goods` [ RunTime:0.002064s ]
[2022-09-18T23:41:20+08:00][sql] SELECT COUNT(DISTINCT `g`.`id`) AS think_count FROM `sxo_goods` `g` INNER JOIN `sxo_goods_category_join` `gci` ON `g`.`id`=`gci`.`goods_id` WHERE  `g`.`is_delete_time` = '0'  AND `g`.`is_shelves` = '1'  AND `gci`.`category_id` IN ('923','929','930','931') LIMIT 1 [ RunTime:0.000971s ]
[2022-09-18T23:41:20+08:00][sql] SELECT `g`.* FROM `sxo_goods` `g` INNER JOIN `sxo_goods_category_join` `gci` ON `g`.`id`=`gci`.`goods_id` WHERE  `g`.`is_delete_time` = '0'  AND `g`.`is_shelves` = '1'  AND `gci`.`category_id` IN ('923','929','930','931') GROUP BY `g`.`id` ORDER BY `g`.`access_count` DESC,`g`.`sales_count` DESC,`g`.`id` DESC LIMIT 6,6 [ RunTime:0.000949s ]
[2022-09-18T23:41:20+08:00][sql] SELECT distinct brand_id FROM `sxo_goods` WHERE  `is_shelves` = 1  AND `is_delete_time` = 0  AND `brand_id` > 0 [ RunTime:0.000369s ]
[2022-09-18T23:41:20+08:00][sql] SHOW FULL COLUMNS FROM `sxo_brand` [ RunTime:0.001305s ]
[2022-09-18T23:41:20+08:00][sql] SELECT `id`,`name`,`logo`,`website_url` FROM `sxo_brand` WHERE  `is_enable` = 1 ORDER BY `sort` ASC,`id` ASC [ RunTime:0.000314s ]
[2022-09-18T23:41:20+08:00][sql] SELECT `name`,`vice_name`,`describe`,`seo_title`,`seo_keywords`,`seo_desc` FROM `sxo_goods_category` WHERE  `is_enable` = 1  AND `id` = 923 LIMIT 1 [ RunTime:0.000357s ]
[2022-09-18T23:41:20+08:00][sql] SELECT `pid` FROM `sxo_goods_category` WHERE  `id` = 923 LIMIT 1 [ RunTime:0.000271s ]
[2022-09-18T23:41:20+08:00][sql] SELECT `id`,`name` FROM `sxo_goods_category` WHERE  `pid` = 0  AND `is_enable` = 1 ORDER BY `sort` ASC [ RunTime:0.000316s ]
[2022-09-18T23:41:20+08:00][sql] SHOW FULL COLUMNS FROM `sxo_screening_price` [ RunTime:0.001135s ]
[2022-09-18T23:41:20+08:00][sql] SELECT `id`,`name`,`min_price`,`max_price` FROM `sxo_screening_price` WHERE  `is_enable` = 1 ORDER BY `sort` ASC [ RunTime:0.000337s ]
[2022-09-18T23:41:20+08:00][sql] SELECT `gp`.`value` FROM `sxo_goods` `g` INNER JOIN `sxo_goods_category_join` `gci` ON `g`.`id`=`gci`.`goods_id` INNER JOIN `sxo_goods_params` `gp` ON `g`.`id`=`gp`.`goods_id` WHERE  `g`.`is_delete_time` = '0'  AND `g`.`is_shelves` = '1'  AND `gci`.`category_id` IN ('923','929','930','931')  AND `gp`.`type` = '2' GROUP BY `gp`.`value` [ RunTime:0.000446s ]
[2022-09-18T23:41:20+08:00][sql] SELECT `gsv`.`value` FROM `sxo_goods` `g` INNER JOIN `sxo_goods_category_join` `gci` ON `g`.`id`=`gci`.`goods_id` INNER JOIN `sxo_goods_spec_value` `gsv` ON `g`.`id`=`gsv`.`goods_id` WHERE  `g`.`is_delete_time` = '0'  AND `g`.`is_shelves` = '1'  AND `gci`.`category_id` IN ('923','929','930','931') GROUP BY `gsv`.`value` [ RunTime:0.000433s ]
[2022-09-18T23:41:20+08:00][sql] SELECT `id`,`pid`,`name` FROM `sxo_goods_category` WHERE  `id` = 923  AND `is_enable` = 1 LIMIT 1 [ RunTime:0.000349s ]
[2022-09-18T23:41:20+08:00][sql] SELECT `id`,`pid`,`name` FROM `sxo_goods_category` WHERE  `pid` = 0  AND `is_enable` = 1 [ RunTime:0.000298s ]
[2022-09-18T23:41:20+08:00][sql] SELECT `id`,`pid`,`name` FROM `sxo_goods_category` WHERE  `id` = 0  AND `is_enable` = 1 LIMIT 1 [ RunTime:0.000258s ]
[2022-09-18T23:41:20+08:00][sql] SHOW FULL COLUMNS FROM `sxo_search_history` [ RunTime:0.001218s ]
[2022-09-18T23:41:20+08:00][sql] INSERT INTO `sxo_search_history` SET `user_id` = 0 , `keywords` = '' , `order_by_field` = '' , `order_by_type` = '' , `search_result` = '{\"page_start\":6,\"page_size\":\"6\",\"page\":2,\"page_total\":7,\"total\":41,\"data\":[\"66\",\"103\",\"102\",\"92\",\"83\",\"106\"]}' , `ymd` = 20220918 , `add_time` = 1663515680 , `brand_ids` = '' , `category_ids` = '[\"923\"]' , `screening_price_values` = '' , `goods_params_values` = '' , `goods_spec_values` = '' [ RunTime:0.004642s ]
[2022-09-18T23:44:02+08:00][sql] CONNECT:[ UseTime:0.000992s ] mysql:host=127.0.0.1;port=3306;dbname=chungu666;charset=utf8mb4
[2022-09-18T23:44:02+08:00][sql] SHOW FULL COLUMNS FROM `sxo_navigation` [ RunTime:0.002209s ]
[2022-09-18T23:44:02+08:00][sql] SELECT `id`,`pid`,`name`,`url`,`value`,`data_type`,`is_new_window_open` FROM `sxo_navigation` WHERE  `nav_type` = 'header'  AND `is_show` = 1  AND `pid` = 0 ORDER BY `sort` ASC,`id` ASC [ RunTime:0.000632s ]
[2022-09-18T23:44:02+08:00][sql] SELECT `id`,`pid`,`name`,`url`,`value`,`data_type`,`is_new_window_open` FROM `sxo_navigation` WHERE  `nav_type` = 'header'  AND `is_show` = 1  AND `pid` IN (56,57,58,59,61) ORDER BY `sort` ASC,`id` ASC [ RunTime:0.000441s ]
[2022-09-18T23:44:02+08:00][sql] SELECT `id`,`pid`,`name`,`url`,`value`,`data_type`,`is_new_window_open` FROM `sxo_navigation` WHERE  `nav_type` = 'footer'  AND `is_show` = 1  AND `pid` = 0 ORDER BY `sort` ASC,`id` ASC [ RunTime:0.000444s ]
[2022-09-18T23:44:02+08:00][sql] SELECT `id`,`pid`,`name`,`url`,`value`,`data_type`,`is_new_window_open` FROM `sxo_navigation` WHERE  `nav_type` = 'footer'  AND `is_show` = 1  AND `pid` IN (34,35,36,37,55) ORDER BY `sort` ASC,`id` ASC [ RunTime:0.000459s ]
[2022-09-18T23:44:02+08:00][sql] SHOW FULL COLUMNS FROM `sxo_quick_nav` [ RunTime:0.001493s ]
[2022-09-18T23:44:02+08:00][sql] SELECT `id`,`name`,`images_url`,`event_value`,`event_type`,`bg_color` FROM `sxo_quick_nav` WHERE  `platform` = 'pc'  AND `is_enable` = 1 ORDER BY `sort` ASC,`id` ASC [ RunTime:0.000488s ]
[2022-09-18T23:44:02+08:00][sql] SHOW FULL COLUMNS FROM `sxo_goods_category` [ RunTime:0.001465s ]
[2022-09-18T23:44:02+08:00][sql] SELECT `id`,`pid`,`icon`,`name`,`vice_name`,`describe`,`bg_color`,`big_images`,`sort`,`is_home_recommended`,`seo_title`,`seo_keywords`,`seo_desc` FROM `sxo_goods_category` WHERE  `pid` = 0  AND `is_enable` = 1  AND `is_enable` = 1 ORDER BY `sort` ASC [ RunTime:0.000381s ]
[2022-09-18T23:44:02+08:00][sql] SELECT `id`,`pid`,`icon`,`name`,`vice_name`,`describe`,`bg_color`,`big_images`,`sort`,`is_home_recommended`,`seo_title`,`seo_keywords`,`seo_desc` FROM `sxo_goods_category` WHERE  `is_enable` = 1  AND `pid` = 922  AND `is_enable` = 1 ORDER BY `sort` ASC [ RunTime:0.000352s ]
[2022-09-18T23:44:02+08:00][sql] SELECT `id`,`pid`,`icon`,`name`,`vice_name`,`describe`,`bg_color`,`big_images`,`sort`,`is_home_recommended`,`seo_title`,`seo_keywords`,`seo_desc` FROM `sxo_goods_category` WHERE  `is_enable` = 1  AND `pid` IN (926,928)  AND `is_enable` = 1 ORDER BY `sort` ASC [ RunTime:0.000300s ]
[2022-09-18T23:44:02+08:00][sql] SELECT `id`,`pid`,`icon`,`name`,`vice_name`,`describe`,`bg_color`,`big_images`,`sort`,`is_home_recommended`,`seo_title`,`seo_keywords`,`seo_desc` FROM `sxo_goods_category` WHERE  `is_enable` = 1  AND `pid` = 923  AND `is_enable` = 1 ORDER BY `sort` ASC [ RunTime:0.000326s ]
[2022-09-18T23:44:02+08:00][sql] SELECT `id`,`pid`,`icon`,`name`,`vice_name`,`describe`,`bg_color`,`big_images`,`sort`,`is_home_recommended`,`seo_title`,`seo_keywords`,`seo_desc` FROM `sxo_goods_category` WHERE  `is_enable` = 1  AND `pid` IN (929,930,931)  AND `is_enable` = 1 ORDER BY `sort` ASC [ RunTime:0.000354s ]
[2022-09-18T23:44:02+08:00][sql] SELECT `id`,`pid`,`icon`,`name`,`vice_name`,`describe`,`bg_color`,`big_images`,`sort`,`is_home_recommended`,`seo_title`,`seo_keywords`,`seo_desc` FROM `sxo_goods_category` WHERE  `is_enable` = 1  AND `pid` = 924  AND `is_enable` = 1 ORDER BY `sort` ASC [ RunTime:0.000379s ]
[2022-09-18T23:44:02+08:00][sql] SELECT `id`,`pid`,`icon`,`name`,`vice_name`,`describe`,`bg_color`,`big_images`,`sort`,`is_home_recommended`,`seo_title`,`seo_keywords`,`seo_desc` FROM `sxo_goods_category` WHERE  `is_enable` = 1  AND `pid` IN (932,933)  AND `is_enable` = 1 ORDER BY `sort` ASC [ RunTime:0.000388s ]
[2022-09-18T23:44:02+08:00][sql] SELECT `id`,`pid`,`icon`,`name`,`vice_name`,`describe`,`bg_color`,`big_images`,`sort`,`is_home_recommended`,`seo_title`,`seo_keywords`,`seo_desc` FROM `sxo_goods_category` WHERE  `is_enable` = 1  AND `pid` = 925  AND `is_enable` = 1 ORDER BY `sort` ASC [ RunTime:0.000400s ]
[2022-09-18T23:44:02+08:00][sql] SELECT `id`,`pid`,`icon`,`name`,`vice_name`,`describe`,`bg_color`,`big_images`,`sort`,`is_home_recommended`,`seo_title`,`seo_keywords`,`seo_desc` FROM `sxo_goods_category` WHERE  `is_enable` = 1  AND `pid` IN (934,935)  AND `is_enable` = 1 ORDER BY `sort` ASC [ RunTime:0.000349s ]
[2022-09-18T23:44:02+08:00][sql] SELECT `id` FROM `sxo_goods_category` WHERE  `pid` = 932  AND `is_enable` = 1 [ RunTime:0.000330s ]
[2022-09-18T23:44:02+08:00][sql] SHOW FULL COLUMNS FROM `sxo_goods` [ RunTime:0.001996s ]
[2022-09-18T23:44:02+08:00][sql] SELECT COUNT(DISTINCT `g`.`id`) AS think_count FROM `sxo_goods` `g` INNER JOIN `sxo_goods_category_join` `gci` ON `g`.`id`=`gci`.`goods_id` WHERE  `g`.`is_delete_time` = '0'  AND `g`.`is_shelves` = '1'  AND `gci`.`category_id` = '932' LIMIT 1 [ RunTime:0.000487s ]
[2022-09-18T23:44:02+08:00][sql] SELECT `g`.* FROM `sxo_goods` `g` INNER JOIN `sxo_goods_category_join` `gci` ON `g`.`id`=`gci`.`goods_id` WHERE  `g`.`is_delete_time` = '0'  AND `g`.`is_shelves` = '1'  AND `gci`.`category_id` = '932' GROUP BY `g`.`id` ORDER BY `g`.`access_count` DESC LIMIT 0,6 [ RunTime:0.000555s ]
[2022-09-18T23:44:02+08:00][sql] SELECT distinct brand_id FROM `sxo_goods` WHERE  `is_shelves` = 1  AND `is_delete_time` = 0  AND `brand_id` > 0 [ RunTime:0.000333s ]
[2022-09-18T23:44:02+08:00][sql] SHOW FULL COLUMNS FROM `sxo_brand` [ RunTime:0.001257s ]
[2022-09-18T23:44:02+08:00][sql] SELECT `id`,`name`,`logo`,`website_url` FROM `sxo_brand` WHERE  `is_enable` = 1 ORDER BY `sort` ASC,`id` ASC [ RunTime:0.000362s ]
[2022-09-18T23:44:02+08:00][sql] SELECT `name`,`vice_name`,`describe`,`seo_title`,`seo_keywords`,`seo_desc` FROM `sxo_goods_category` WHERE  `is_enable` = 1  AND `id` = 932 LIMIT 1 [ RunTime:0.000285s ]
[2022-09-18T23:44:02+08:00][sql] SELECT `pid` FROM `sxo_goods_category` WHERE  `id` = 932 LIMIT 1 [ RunTime:0.000264s ]
[2022-09-18T23:44:02+08:00][sql] SELECT `id`,`name` FROM `sxo_goods_category` WHERE  `pid` = 924  AND `is_enable` = 1 ORDER BY `sort` ASC [ RunTime:0.000303s ]
[2022-09-18T23:44:02+08:00][sql] SHOW FULL COLUMNS FROM `sxo_screening_price` [ RunTime:0.001199s ]
[2022-09-18T23:44:02+08:00][sql] SELECT `id`,`name`,`min_price`,`max_price` FROM `sxo_screening_price` WHERE  `is_enable` = 1 ORDER BY `sort` ASC [ RunTime:0.000311s ]
[2022-09-18T23:44:02+08:00][sql] SELECT `gp`.`value` FROM `sxo_goods` `g` INNER JOIN `sxo_goods_category_join` `gci` ON `g`.`id`=`gci`.`goods_id` INNER JOIN `sxo_goods_params` `gp` ON `g`.`id`=`gp`.`goods_id` WHERE  `g`.`is_delete_time` = '0'  AND `g`.`is_shelves` = '1'  AND `gci`.`category_id` = '932'  AND `gp`.`type` = '2' GROUP BY `gp`.`value` [ RunTime:0.000542s ]
[2022-09-18T23:44:02+08:00][sql] SELECT `gsv`.`value` FROM `sxo_goods` `g` INNER JOIN `sxo_goods_category_join` `gci` ON `g`.`id`=`gci`.`goods_id` INNER JOIN `sxo_goods_spec_value` `gsv` ON `g`.`id`=`gsv`.`goods_id` WHERE  `g`.`is_delete_time` = '0'  AND `g`.`is_shelves` = '1'  AND `gci`.`category_id` = '932' GROUP BY `gsv`.`value` [ RunTime:0.000479s ]
[2022-09-18T23:44:02+08:00][sql] SELECT `id`,`pid`,`name` FROM `sxo_goods_category` WHERE  `id` = 932  AND `is_enable` = 1 LIMIT 1 [ RunTime:0.000272s ]
[2022-09-18T23:44:02+08:00][sql] SELECT `id`,`pid`,`name` FROM `sxo_goods_category` WHERE  `pid` = 924  AND `is_enable` = 1 [ RunTime:0.000286s ]
[2022-09-18T23:44:02+08:00][sql] SELECT `id`,`pid`,`name` FROM `sxo_goods_category` WHERE  `id` = 924  AND `is_enable` = 1 LIMIT 1 [ RunTime:0.000269s ]
[2022-09-18T23:44:02+08:00][sql] SELECT `id`,`pid`,`name` FROM `sxo_goods_category` WHERE  `pid` = 0  AND `is_enable` = 1 [ RunTime:0.000358s ]
[2022-09-18T23:44:02+08:00][sql] SELECT `id`,`pid`,`name` FROM `sxo_goods_category` WHERE  `id` = 0  AND `is_enable` = 1 LIMIT 1 [ RunTime:0.000286s ]
[2022-09-18T23:44:02+08:00][sql] SHOW FULL COLUMNS FROM `sxo_search_history` [ RunTime:0.001888s ]
[2022-09-18T23:44:02+08:00][sql] INSERT INTO `sxo_search_history` SET `user_id` = 0 , `keywords` = '' , `order_by_field` = 'access' , `order_by_type` = 'desc' , `search_result` = '{\"page_start\":0,\"page_size\":\"6\",\"page\":1,\"page_total\":1,\"total\":1,\"data\":[\"108\"]}' , `ymd` = 20220918 , `add_time` = 1663515842 , `brand_ids` = '' , `category_ids` = '[\"932\"]' , `screening_price_values` = '' , `goods_params_values` = '' , `goods_spec_values` = '' [ RunTime:0.005831s ]
[2022-09-18T23:46:59+08:00][sql] CONNECT:[ UseTime:0.000849s ] mysql:host=127.0.0.1;port=3306;dbname=chungu666;charset=utf8mb4
[2022-09-18T23:46:59+08:00][sql] SHOW FULL COLUMNS FROM `sxo_goods_category` [ RunTime:0.001773s ]
[2022-09-18T23:46:59+08:00][sql] SELECT `id` FROM `sxo_goods_category` WHERE  `pid` = 934  AND `is_enable` = 1 [ RunTime:0.000347s ]
[2022-09-18T23:46:59+08:00][sql] SHOW FULL COLUMNS FROM `sxo_goods` [ RunTime:0.001652s ]
[2022-09-18T23:46:59+08:00][sql] SELECT COUNT(DISTINCT `g`.`id`) AS think_count FROM `sxo_goods` `g` INNER JOIN `sxo_goods_category_join` `gci` ON `g`.`id`=`gci`.`goods_id` WHERE  `g`.`is_delete_time` = '0'  AND `g`.`is_shelves` = '1'  AND `gci`.`category_id` = '934' LIMIT 1 [ RunTime:0.000460s ]
[2022-09-18T23:46:59+08:00][sql] SELECT distinct brand_id FROM `sxo_goods` WHERE  `is_shelves` = 1  AND `is_delete_time` = 0  AND `brand_id` > 0 [ RunTime:0.000366s ]
[2022-09-18T23:46:59+08:00][sql] SHOW FULL COLUMNS FROM `sxo_brand` [ RunTime:0.001220s ]
[2022-09-18T23:46:59+08:00][sql] SELECT `id`,`name`,`logo`,`website_url` FROM `sxo_brand` WHERE  `is_enable` = 1 ORDER BY `sort` ASC,`id` ASC [ RunTime:0.000310s ]
[2022-09-18T23:46:59+08:00][sql] SELECT `name`,`vice_name`,`describe`,`seo_title`,`seo_keywords`,`seo_desc` FROM `sxo_goods_category` WHERE  `is_enable` = 1  AND `id` = 934 LIMIT 1 [ RunTime:0.000279s ]
[2022-09-18T23:46:59+08:00][sql] SELECT `pid` FROM `sxo_goods_category` WHERE  `id` = 934 LIMIT 1 [ RunTime:0.000223s ]
[2022-09-18T23:46:59+08:00][sql] SELECT `id`,`name` FROM `sxo_goods_category` WHERE  `pid` = 925  AND `is_enable` = 1 ORDER BY `sort` ASC [ RunTime:0.000319s ]
[2022-09-18T23:46:59+08:00][sql] SHOW FULL COLUMNS FROM `sxo_screening_price` [ RunTime:0.001253s ]
[2022-09-18T23:46:59+08:00][sql] SELECT `id`,`name`,`min_price`,`max_price` FROM `sxo_screening_price` WHERE  `is_enable` = 1 ORDER BY `sort` ASC [ RunTime:0.000280s ]
[2022-09-18T23:46:59+08:00][sql] SELECT `gp`.`value` FROM `sxo_goods` `g` INNER JOIN `sxo_goods_category_join` `gci` ON `g`.`id`=`gci`.`goods_id` INNER JOIN `sxo_goods_params` `gp` ON `g`.`id`=`gp`.`goods_id` WHERE  `g`.`is_delete_time` = '0'  AND `g`.`is_shelves` = '1'  AND `gci`.`category_id` = '934'  AND `gp`.`type` = '2' GROUP BY `gp`.`value` [ RunTime:0.000445s ]
[2022-09-18T23:46:59+08:00][sql] SELECT `gsv`.`value` FROM `sxo_goods` `g` INNER JOIN `sxo_goods_category_join` `gci` ON `g`.`id`=`gci`.`goods_id` INNER JOIN `sxo_goods_spec_value` `gsv` ON `g`.`id`=`gsv`.`goods_id` WHERE  `g`.`is_delete_time` = '0'  AND `g`.`is_shelves` = '1'  AND `gci`.`category_id` = '934' GROUP BY `gsv`.`value` [ RunTime:0.000379s ]
[2022-09-18T23:46:59+08:00][sql] SELECT `id`,`pid`,`name` FROM `sxo_goods_category` WHERE  `id` = 934  AND `is_enable` = 1 LIMIT 1 [ RunTime:0.000266s ]
[2022-09-18T23:46:59+08:00][sql] SELECT `id`,`pid`,`name` FROM `sxo_goods_category` WHERE  `pid` = 925  AND `is_enable` = 1 [ RunTime:0.000244s ]
[2022-09-18T23:46:59+08:00][sql] SELECT `id`,`pid`,`name` FROM `sxo_goods_category` WHERE  `id` = 925  AND `is_enable` = 1 LIMIT 1 [ RunTime:0.000224s ]
[2022-09-18T23:46:59+08:00][sql] SELECT `id`,`pid`,`name` FROM `sxo_goods_category` WHERE  `pid` = 0  AND `is_enable` = 1 [ RunTime:0.000292s ]
[2022-09-18T23:46:59+08:00][sql] SELECT `id`,`pid`,`name` FROM `sxo_goods_category` WHERE  `id` = 0  AND `is_enable` = 1 LIMIT 1 [ RunTime:0.000234s ]
[2022-09-18T23:46:59+08:00][sql] SHOW FULL COLUMNS FROM `sxo_search_history` [ RunTime:0.001385s ]
[2022-09-18T23:46:59+08:00][sql] INSERT INTO `sxo_search_history` SET `user_id` = 0 , `keywords` = '' , `order_by_field` = 'access' , `order_by_type` = 'desc' , `search_result` = '{\"page_start\":0,\"page_size\":\"6\",\"page\":1,\"page_total\":0,\"total\":0,\"data\":[]}' , `ymd` = 20220918 , `add_time` = 1663516019 , `brand_ids` = '' , `category_ids` = '[\"934\"]' , `screening_price_values` = '' , `goods_params_values` = '' , `goods_spec_values` = '' [ RunTime:0.004948s ]
[2022-09-18T23:49:54+08:00][sql] CONNECT:[ UseTime:0.000755s ] mysql:host=127.0.0.1;port=3306;dbname=chungu666;charset=utf8mb4
[2022-09-18T23:49:54+08:00][sql] SHOW FULL COLUMNS FROM `sxo_navigation` [ RunTime:0.001613s ]
[2022-09-18T23:49:54+08:00][sql] SELECT `id`,`pid`,`name`,`url`,`value`,`data_type`,`is_new_window_open` FROM `sxo_navigation` WHERE  `nav_type` = 'header'  AND `is_show` = 1  AND `pid` = 0 ORDER BY `sort` ASC,`id` ASC [ RunTime:0.000405s ]
[2022-09-18T23:49:54+08:00][sql] SELECT `id`,`pid`,`name`,`url`,`value`,`data_type`,`is_new_window_open` FROM `sxo_navigation` WHERE  `nav_type` = 'header'  AND `is_show` = 1  AND `pid` IN (56,57,58,59,61) ORDER BY `sort` ASC,`id` ASC [ RunTime:0.000350s ]
[2022-09-18T23:49:54+08:00][sql] SELECT `id`,`pid`,`name`,`url`,`value`,`data_type`,`is_new_window_open` FROM `sxo_navigation` WHERE  `nav_type` = 'footer'  AND `is_show` = 1  AND `pid` = 0 ORDER BY `sort` ASC,`id` ASC [ RunTime:0.000352s ]
[2022-09-18T23:49:54+08:00][sql] SELECT `id`,`pid`,`name`,`url`,`value`,`data_type`,`is_new_window_open` FROM `sxo_navigation` WHERE  `nav_type` = 'footer'  AND `is_show` = 1  AND `pid` IN (34,35,36,37,55) ORDER BY `sort` ASC,`id` ASC [ RunTime:0.000380s ]
[2022-09-18T23:49:54+08:00][sql] SHOW FULL COLUMNS FROM `sxo_quick_nav` [ RunTime:0.001184s ]
[2022-09-18T23:49:54+08:00][sql] SELECT `id`,`name`,`images_url`,`event_value`,`event_type`,`bg_color` FROM `sxo_quick_nav` WHERE  `platform` = 'pc'  AND `is_enable` = 1 ORDER BY `sort` ASC,`id` ASC [ RunTime:0.000317s ]
[2022-09-18T23:49:54+08:00][sql] SHOW FULL COLUMNS FROM `sxo_goods_category` [ RunTime:0.001404s ]
[2022-09-18T23:49:54+08:00][sql] SELECT `id`,`pid`,`icon`,`name`,`vice_name`,`describe`,`bg_color`,`big_images`,`sort`,`is_home_recommended`,`seo_title`,`seo_keywords`,`seo_desc` FROM `sxo_goods_category` WHERE  `pid` = 0  AND `is_enable` = 1  AND `is_enable` = 1 ORDER BY `sort` ASC [ RunTime:0.000354s ]
[2022-09-18T23:49:54+08:00][sql] SELECT `id`,`pid`,`icon`,`name`,`vice_name`,`describe`,`bg_color`,`big_images`,`sort`,`is_home_recommended`,`seo_title`,`seo_keywords`,`seo_desc` FROM `sxo_goods_category` WHERE  `is_enable` = 1  AND `pid` = 922  AND `is_enable` = 1 ORDER BY `sort` ASC [ RunTime:0.000366s ]
[2022-09-18T23:49:54+08:00][sql] SELECT `id`,`pid`,`icon`,`name`,`vice_name`,`describe`,`bg_color`,`big_images`,`sort`,`is_home_recommended`,`seo_title`,`seo_keywords`,`seo_desc` FROM `sxo_goods_category` WHERE  `is_enable` = 1  AND `pid` IN (926,928)  AND `is_enable` = 1 ORDER BY `sort` ASC [ RunTime:0.000351s ]
[2022-09-18T23:49:54+08:00][sql] SELECT `id`,`pid`,`icon`,`name`,`vice_name`,`describe`,`bg_color`,`big_images`,`sort`,`is_home_recommended`,`seo_title`,`seo_keywords`,`seo_desc` FROM `sxo_goods_category` WHERE  `is_enable` = 1  AND `pid` = 923  AND `is_enable` = 1 ORDER BY `sort` ASC [ RunTime:0.000337s ]
[2022-09-18T23:49:54+08:00][sql] SELECT `id`,`pid`,`icon`,`name`,`vice_name`,`describe`,`bg_color`,`big_images`,`sort`,`is_home_recommended`,`seo_title`,`seo_keywords`,`seo_desc` FROM `sxo_goods_category` WHERE  `is_enable` = 1  AND `pid` IN (929,930,931)  AND `is_enable` = 1 ORDER BY `sort` ASC [ RunTime:0.000339s ]
[2022-09-18T23:49:54+08:00][sql] SELECT `id`,`pid`,`icon`,`name`,`vice_name`,`describe`,`bg_color`,`big_images`,`sort`,`is_home_recommended`,`seo_title`,`seo_keywords`,`seo_desc` FROM `sxo_goods_category` WHERE  `is_enable` = 1  AND `pid` = 924  AND `is_enable` = 1 ORDER BY `sort` ASC [ RunTime:0.000387s ]
[2022-09-18T23:49:54+08:00][sql] SELECT `id`,`pid`,`icon`,`name`,`vice_name`,`describe`,`bg_color`,`big_images`,`sort`,`is_home_recommended`,`seo_title`,`seo_keywords`,`seo_desc` FROM `sxo_goods_category` WHERE  `is_enable` = 1  AND `pid` IN (932,933)  AND `is_enable` = 1 ORDER BY `sort` ASC [ RunTime:0.000364s ]
[2022-09-18T23:49:54+08:00][sql] SELECT `id`,`pid`,`icon`,`name`,`vice_name`,`describe`,`bg_color`,`big_images`,`sort`,`is_home_recommended`,`seo_title`,`seo_keywords`,`seo_desc` FROM `sxo_goods_category` WHERE  `is_enable` = 1  AND `pid` = 925  AND `is_enable` = 1 ORDER BY `sort` ASC [ RunTime:0.000326s ]
[2022-09-18T23:49:54+08:00][sql] SELECT `id`,`pid`,`icon`,`name`,`vice_name`,`describe`,`bg_color`,`big_images`,`sort`,`is_home_recommended`,`seo_title`,`seo_keywords`,`seo_desc` FROM `sxo_goods_category` WHERE  `is_enable` = 1  AND `pid` IN (934,935)  AND `is_enable` = 1 ORDER BY `sort` ASC [ RunTime:0.000302s ]
[2022-09-18T23:49:54+08:00][sql] SELECT `id` FROM `sxo_goods_category` WHERE  `pid` = 926  AND `is_enable` = 1 [ RunTime:0.000297s ]
[2022-09-18T23:49:54+08:00][sql] SHOW FULL COLUMNS FROM `sxo_goods` [ RunTime:0.001836s ]
[2022-09-18T23:49:54+08:00][sql] SELECT COUNT(DISTINCT `g`.`id`) AS think_count FROM `sxo_goods` `g` INNER JOIN `sxo_goods_category_join` `gci` ON `g`.`id`=`gci`.`goods_id` WHERE  `g`.`is_delete_time` = '0'  AND `g`.`is_shelves` = '1'  AND `gci`.`category_id` = '926' LIMIT 1 [ RunTime:0.000480s ]
[2022-09-18T23:49:54+08:00][sql] SELECT `g`.* FROM `sxo_goods` `g` INNER JOIN `sxo_goods_category_join` `gci` ON `g`.`id`=`gci`.`goods_id` WHERE  `g`.`is_delete_time` = '0'  AND `g`.`is_shelves` = '1'  AND `gci`.`category_id` = '926' GROUP BY `g`.`id` ORDER BY `g`.`access_count` DESC LIMIT 0,6 [ RunTime:0.000595s ]
[2022-09-18T23:49:54+08:00][sql] SELECT distinct brand_id FROM `sxo_goods` WHERE  `is_shelves` = 1  AND `is_delete_time` = 0  AND `brand_id` > 0 [ RunTime:0.000353s ]
[2022-09-18T23:49:54+08:00][sql] SHOW FULL COLUMNS FROM `sxo_brand` [ RunTime:0.001126s ]
[2022-09-18T23:49:54+08:00][sql] SELECT `id`,`name`,`logo`,`website_url` FROM `sxo_brand` WHERE  `is_enable` = 1 ORDER BY `sort` ASC,`id` ASC [ RunTime:0.000304s ]
[2022-09-18T23:49:54+08:00][sql] SELECT `name`,`vice_name`,`describe`,`seo_title`,`seo_keywords`,`seo_desc` FROM `sxo_goods_category` WHERE  `is_enable` = 1  AND `id` = 926 LIMIT 1 [ RunTime:0.000283s ]
[2022-09-18T23:49:54+08:00][sql] SELECT `pid` FROM `sxo_goods_category` WHERE  `id` = 926 LIMIT 1 [ RunTime:0.000200s ]
[2022-09-18T23:49:54+08:00][sql] SELECT `id`,`name` FROM `sxo_goods_category` WHERE  `pid` = 922  AND `is_enable` = 1 ORDER BY `sort` ASC [ RunTime:0.000314s ]
[2022-09-18T23:49:54+08:00][sql] SHOW FULL COLUMNS FROM `sxo_screening_price` [ RunTime:0.001061s ]
[2022-09-18T23:49:54+08:00][sql] SELECT `id`,`name`,`min_price`,`max_price` FROM `sxo_screening_price` WHERE  `is_enable` = 1 ORDER BY `sort` ASC [ RunTime:0.000285s ]
[2022-09-18T23:49:54+08:00][sql] SELECT `gp`.`value` FROM `sxo_goods` `g` INNER JOIN `sxo_goods_category_join` `gci` ON `g`.`id`=`gci`.`goods_id` INNER JOIN `sxo_goods_params` `gp` ON `g`.`id`=`gp`.`goods_id` WHERE  `g`.`is_delete_time` = '0'  AND `g`.`is_shelves` = '1'  AND `gci`.`category_id` = '926'  AND `gp`.`type` = '2' GROUP BY `gp`.`value` [ RunTime:0.000424s ]
[2022-09-18T23:49:54+08:00][sql] SELECT `gsv`.`value` FROM `sxo_goods` `g` INNER JOIN `sxo_goods_category_join` `gci` ON `g`.`id`=`gci`.`goods_id` INNER JOIN `sxo_goods_spec_value` `gsv` ON `g`.`id`=`gsv`.`goods_id` WHERE  `g`.`is_delete_time` = '0'  AND `g`.`is_shelves` = '1'  AND `gci`.`category_id` = '926' GROUP BY `gsv`.`value` [ RunTime:0.000400s ]
[2022-09-18T23:49:54+08:00][sql] SELECT `id`,`pid`,`name` FROM `sxo_goods_category` WHERE  `id` = 926  AND `is_enable` = 1 LIMIT 1 [ RunTime:0.000240s ]
[2022-09-18T23:49:54+08:00][sql] SELECT `id`,`pid`,`name` FROM `sxo_goods_category` WHERE  `pid` = 922  AND `is_enable` = 1 [ RunTime:0.000253s ]
[2022-09-18T23:49:54+08:00][sql] SELECT `id`,`pid`,`name` FROM `sxo_goods_category` WHERE  `id` = 922  AND `is_enable` = 1 LIMIT 1 [ RunTime:0.000254s ]
[2022-09-18T23:49:54+08:00][sql] SELECT `id`,`pid`,`name` FROM `sxo_goods_category` WHERE  `pid` = 0  AND `is_enable` = 1 [ RunTime:0.000270s ]
[2022-09-18T23:49:54+08:00][sql] SELECT `id`,`pid`,`name` FROM `sxo_goods_category` WHERE  `id` = 0  AND `is_enable` = 1 LIMIT 1 [ RunTime:0.000212s ]
[2022-09-18T23:49:54+08:00][sql] SHOW FULL COLUMNS FROM `sxo_search_history` [ RunTime:0.001173s ]
[2022-09-18T23:49:54+08:00][sql] INSERT INTO `sxo_search_history` SET `user_id` = 0 , `keywords` = '' , `order_by_field` = 'access' , `order_by_type` = 'desc' , `search_result` = '{\"page_start\":0,\"page_size\":\"6\",\"page\":1,\"page_total\":1,\"total\":4,\"data\":[\"58\",\"60\",\"61\",\"59\"]}' , `ymd` = 20220918 , `add_time` = 1663516194 , `brand_ids` = '' , `category_ids` = '[\"926\"]' , `screening_price_values` = '' , `goods_params_values` = '' , `goods_spec_values` = '' [ RunTime:0.005820s ]
