[2022-09-16T22:22:57+08:00][sql] CONNECT:[ UseTime:0.000962s ] mysql:host=127.0.0.1;port=3306;dbname=chungu666;charset=utf8mb4
[2022-09-16T22:22:57+08:00][sql] SHOW FULL COLUMNS FROM `sxo_config` [ RunTime:0.002376s ]
[2022-09-16T22:22:57+08:00][sql] SELECT `value`,`only_tag` FROM `sxo_config` [ RunTime:0.001508s ]
[2022-09-16T22:22:57+08:00][sql] SHOW FULL COLUMNS FROM `sxo_pay_request_log` [ RunTime:0.002313s ]
[2022-09-16T22:22:57+08:00][sql] INSERT INTO `sxo_pay_request_log` SET `business_type` = '订单' , `request_params` = '{\"Version\":\"2.0.0\",\"MerchantId\":\"502053000028\",\"MerchOrderId\":\"20220916222132224217\",\"Amount\":\"150.00\",\"ExtData\":\"\",\"OrderId\":\"502022091601201432\",\"Status\":\"02\",\"PayTime\":\"20220916222250\",\"SettleDate\":\"20220916\",\"Sign\":\"cnlq8oOfyypiIn7WL8VBxMP33Io\\/pkmi7zlpMw2aimzteve8JL1zCNuIQ7SmAEI1ed44\\/pOvmAA1OG SgeLhAzc1gCgh\\/9M56lVCV vrEBVwAXmpYuE\\/ZPwJ1TJum5OONEuIOxYZ0X1ftNPLvVN l k\\/\\/b3PvykX3WB84FYuCQM=\"}' , `response_data` = '' , `business_handle` = '' , `request_url` = 'http://www.chunguimaoyi.com/payment_default_order_payecoquick_notify.php' , `server_port` = '80' , `server_ip` = '122.114.52.93' , `client_ip` = '120.197.59.147' , `os` = 'Other' , `browser` = 'Other' , `method` = 'POST' , `scheme` = 'HTTP' , `version` = '1.1' , `client` = 'Java/1.6.0' , `add_time` = 1663338177 [ RunTime:0.055938s ]
[2022-09-16T22:22:57+08:00][sql] SHOW FULL COLUMNS FROM `sxo_payment` [ RunTime:0.001951s ]
[2022-09-16T22:22:57+08:00][sql] SELECT `id`,`logo`,`name`,`sort`,`payment`,`config`,`apply_terminal`,`apply_terminal_old`,`element`,`is_enable`,`is_open_user` FROM `sxo_payment` WHERE  `payment` = 'PayecoQuick' ORDER BY `sort` ASC [ RunTime:0.000508s ]
[2022-09-16T22:22:57+08:00][sql] SHOW FULL COLUMNS FROM `sxo_pay_log` [ RunTime:0.001359s ]
[2022-09-16T22:22:57+08:00][sql] SELECT * FROM `sxo_pay_log` WHERE  `log_no` = '20220916222132224217' LIMIT 1 [ RunTime:0.000524s ]
[2022-09-16T22:22:57+08:00][sql] SHOW FULL COLUMNS FROM `sxo_pay_log_value` [ RunTime:0.001084s ]
[2022-09-16T22:22:57+08:00][sql] SELECT `business_id` FROM `sxo_pay_log_value` WHERE  `pay_log_id` = 1275 [ RunTime:0.000366s ]
[2022-09-16T22:22:57+08:00][sql] SHOW FULL COLUMNS FROM `sxo_order` [ RunTime:0.002215s ]
[2022-09-16T22:22:57+08:00][sql] SELECT * FROM `sxo_order` WHERE  `id` = 675  AND `status` = 1 [ RunTime:0.000534s ]
[2022-09-16T22:22:57+08:00][sql] SELECT `status` FROM `sxo_pay_log` WHERE  `id` = 1275 LIMIT 1 [ RunTime:0.000288s ]
[2022-09-16T22:22:57+08:00][sql] SHOW FULL COLUMNS FROM `sxo_message` [ RunTime:0.001219s ]
[2022-09-16T22:22:57+08:00][sql] INSERT INTO `sxo_message` SET `title` = '订单支付' , `detail` = '订单支付成功，金额150元' , `user_id` = 410 , `business_type` = '订单' , `business_id` = 675 , `type` = 0 , `is_read` = 0 , `add_time` = 1663338177 [ RunTime:0.000437s ]
[2022-09-16T22:22:57+08:00][sql] UPDATE `sxo_order`  SET `pay_status` = 1 , `pay_price` = '150.00' , `pay_time` = 1663338177 , `upd_time` = 1663338177 , `status` = 2 , `payment_id` = 26 , `is_under_line` = 0  WHERE  `id` = 675 [ RunTime:0.000448s ]
[2022-09-16T22:22:57+08:00][sql] SHOW FULL COLUMNS FROM `sxo_order_status_history` [ RunTime:0.001232s ]
[2022-09-16T22:22:57+08:00][sql] INSERT INTO `sxo_order_status_history` SET `order_id` = 675 , `new_status` = '2' , `original_status` = '1' , `msg` = '支付[待付款-待发货]' , `creator` = 0 , `creator_name` = '系统' , `add_time` = 1663338177 [ RunTime:0.000949s ]
[2022-09-16T22:22:57+08:00][sql] SHOW FULL COLUMNS FROM `sxo_order_detail` [ RunTime:0.001365s ]
[2022-09-16T22:22:57+08:00][sql] SELECT `id`,`goods_id`,`buy_number`,`spec` FROM `sxo_order_detail` WHERE  `order_id` = 675 [ RunTime:0.000407s ]
[2022-09-16T22:22:57+08:00][sql] SHOW FULL COLUMNS FROM `sxo_order_goods_inventory_log` [ RunTime:0.001165s ]
[2022-09-16T22:22:57+08:00][sql] SELECT * FROM `sxo_order_goods_inventory_log` WHERE  `order_id` = 675  AND `order_detail_id` = 959  AND `goods_id` = 58 LIMIT 1 [ RunTime:0.000846s ]
[2022-09-16T22:22:57+08:00][sql] SHOW FULL COLUMNS FROM `sxo_goods` [ RunTime:0.001758s ]
[2022-09-16T22:22:57+08:00][sql] SELECT `is_deduction_inventory`,`inventory`,`title` FROM `sxo_goods` WHERE  `id` = 58 LIMIT 1 [ RunTime:0.000337s ]
[2022-09-16T22:22:57+08:00][sql] UPDATE `sxo_goods`  SET `inventory` = `inventory` - 1  WHERE  `id` = 58 [ RunTime:0.000295s ]
[2022-09-16T22:22:58+08:00][sql] SHOW FULL COLUMNS FROM `sxo_goods_spec_base` [ RunTime:0.001183s ]
[2022-09-16T22:22:58+08:00][sql] SELECT * FROM `sxo_goods_spec_base` WHERE  `goods_id` = 58 LIMIT 1 [ RunTime:0.000392s ]
[2022-09-16T22:22:58+08:00][sql] UPDATE `sxo_goods_spec_base`  SET `inventory` = `inventory` - 1  WHERE  `id` = 2122  AND `goods_id` = 58 [ RunTime:0.000254s ]
[2022-09-16T22:22:58+08:00][sql] SELECT `warehouse_id` FROM `sxo_order` WHERE  `id` = 675 LIMIT 1 [ RunTime:0.000246s ]
[2022-09-16T22:22:58+08:00][sql] SHOW FULL COLUMNS FROM `sxo_warehouse_goods_spec` [ RunTime:0.001203s ]
[2022-09-16T22:22:58+08:00][sql] SELECT `inventory` FROM `sxo_warehouse_goods_spec` WHERE  `warehouse_id` = 1  AND `goods_id` = 58  AND `md5_key` = 'c21f969b5f03d33d43e04f8f136e7682' LIMIT 1 [ RunTime:0.000442s ]
[2022-09-16T22:22:58+08:00][sql] UPDATE `sxo_warehouse_goods_spec`  SET `inventory` = `inventory` - 1  WHERE  `warehouse_id` = 1  AND `goods_id` = 58  AND `md5_key` = 'c21f969b5f03d33d43e04f8f136e7682' [ RunTime:0.000355s ]
[2022-09-16T22:22:58+08:00][sql] SHOW FULL COLUMNS FROM `sxo_warehouse_goods` [ RunTime:0.001012s ]
[2022-09-16T22:22:58+08:00][sql] SELECT `inventory` FROM `sxo_warehouse_goods` WHERE  `warehouse_id` = 1  AND `goods_id` = 58 LIMIT 1 [ RunTime:0.000382s ]
[2022-09-16T22:22:58+08:00][sql] UPDATE `sxo_warehouse_goods`  SET `inventory` = `inventory` - 1  WHERE  `warehouse_id` = 1  AND `goods_id` = 58 [ RunTime:0.000255s ]
[2022-09-16T22:22:58+08:00][sql] SELECT `status` FROM `sxo_order` WHERE  `id` = 675 LIMIT 1 [ RunTime:0.000232s ]
[2022-09-16T22:22:58+08:00][sql] SELECT `inventory` FROM `sxo_goods` WHERE  `id` = 58 LIMIT 1 [ RunTime:0.000189s ]
[2022-09-16T22:22:58+08:00][sql] INSERT INTO `sxo_order_goods_inventory_log` SET `order_id` = 675 , `order_detail_id` = 959 , `goods_id` = 58 , `order_status` = 2 , `original_inventory` = 10000 , `new_inventory` = 9999 , `add_time` = 1663338178 [ RunTime:0.000294s ]
[2022-09-16T22:22:58+08:00][sql] UPDATE `sxo_pay_log`  SET `trade_no` = '502022091601201432' , `buyer_user` = '' , `pay_price` = '150.00' , `subject` = '' , `payment` = 'PayecoQuick' , `payment_name` = '易联快捷支付' , `status` = 1 , `pay_time` = 1663338178  WHERE  `id` = 1275  AND `status` = 0 [ RunTime:0.000475s ]
[2022-09-16T22:22:58+08:00][sql] UPDATE `sxo_pay_request_log`  SET `business_handle` = '{\"msg\":\"支付成功\",\"code\":0,\"data\":\"\"}' , `upd_time` = 1663338178 , `response_data` = '0000'  WHERE  `id` = 11 [ RunTime:0.004762s ]
